TN:
SF:F:\Karma-learning\node_modules\webpack\buildin\global.js
FN:4,(anonymous_0)
FNF:1
FNH:1
FNDA:1,(anonymous_0)
DA:4,1
DA:5,1
DA:8,1
DA:10,1
DA:13,0
DA:14,0
DA:21,1
LF:7
LH:5
BRDA:10,0,0,1
BRDA:10,0,1,0
BRDA:10,0,2,0
BRDA:13,1,0,0
BRDA:13,1,1,0
BRF:5
BRH:1
end_of_record
TN:
SF:F:\Karma-learning\node_modules\timers-browserify\main.js
FN:8,(anonymous_0)
FN:11,(anonymous_1)
FN:15,(anonymous_2)
FN:21,Timeout
FN:25,(anonymous_4)
FN:26,(anonymous_5)
FN:31,(anonymous_6)
FN:36,(anonymous_7)
FN:41,(anonymous_8)
FN:46,onTimeout
FNF:10
FNH:0
FNDA:0,(anonymous_0)
FNDA:0,(anonymous_1)
FNDA:0,(anonymous_2)
FNDA:0,Timeout
FNDA:0,(anonymous_4)
FNDA:0,(anonymous_5)
FNDA:0,(anonymous_6)
FNDA:0,(anonymous_7)
FNDA:0,(anonymous_8)
FNDA:0,onTimeout
DA:1,1
DA:4,1
DA:8,1
DA:9,0
DA:11,1
DA:12,0
DA:14,1
DA:16,0
DA:17,0
DA:22,0
DA:23,0
DA:25,1
DA:26,1
DA:27,0
DA:31,1
DA:32,0
DA:33,0
DA:36,1
DA:37,0
DA:38,0
DA:41,1
DA:42,0
DA:44,0
DA:45,0
DA:46,0
DA:47,0
DA:48,0
DA:54,1
DA:58,1
DA:61,1
LF:30
LH:13
BRDA:1,0,0,1
BRDA:1,0,1,1
BRDA:1,0,2,0
BRDA:1,0,3,0
BRDA:1,0,4,0
BRDA:16,1,0,0
BRDA:16,1,1,0
BRDA:45,2,0,0
BRDA:45,2,1,0
BRDA:47,3,0,0
BRDA:47,3,1,0
BRDA:58,4,0,1
BRDA:58,4,1,1
BRDA:58,4,2,0
BRDA:58,4,3,0
BRDA:58,4,4,0
BRDA:58,4,5,0
BRDA:61,5,0,1
BRDA:61,5,1,1
BRDA:61,5,2,0
BRDA:61,5,3,0
BRDA:61,5,4,0
BRDA:61,5,5,0
BRF:23
BRH:6
end_of_record
TN:
SF:F:\Karma-learning\node_modules\process\browser.js
FN:12,defaultSetTimout
FN:15,defaultClearTimeout
FN:18,(anonymous_2)
FN:38,runTimeout
FN:63,runClearTimeout
FN:95,cleanUpNextTick
FN:110,drainQueue
FN:134,(anonymous_7)
FN:148,Item
FN:152,(anonymous_9)
FN:162,noop
FN:174,(anonymous_11)
FN:176,(anonymous_12)
FN:180,(anonymous_13)
FN:181,(anonymous_14)
FN:184,(anonymous_15)
FNF:16
FNH:1
FNDA:0,defaultSetTimout
FNDA:0,defaultClearTimeout
FNDA:1,(anonymous_2)
FNDA:0,runTimeout
FNDA:0,runClearTimeout
FNDA:0,cleanUpNextTick
FNDA:0,drainQueue
FNDA:0,(anonymous_7)
FNDA:0,Item
FNDA:0,(anonymous_9)
FNDA:0,noop
FNDA:0,(anonymous_11)
FNDA:0,(anonymous_12)
FNDA:0,(anonymous_13)
FNDA:0,(anonymous_14)
FNDA:0,(anonymous_15)
DA:2,1
DA:13,0
DA:16,0
DA:18,1
DA:19,1
DA:20,1
DA:21,1
DA:23,0
DA:26,0
DA:28,1
DA:29,1
DA:30,1
DA:32,0
DA:35,0
DA:39,0
DA:41,0
DA:44,0
DA:45,0
DA:46,0
DA:48,0
DA:50,0
DA:52,0
DA:54,0
DA:57,0
DA:64,0
DA:66,0
DA:69,0
DA:70,0
DA:71,0
DA:73,0
DA:75,0
DA:77,0
DA:79,0
DA:83,0
DA:90,1
DA:91,1
DA:93,1
DA:96,0
DA:97,0
DA:99,0
DA:100,0
DA:101,0
DA:103,0
DA:105,0
DA:106,0
DA:111,0
DA:112,0
DA:114,0
DA:115,0
DA:117,0
DA:118,0
DA:119,0
DA:120,0
DA:121,0
DA:122,0
DA:123,0
DA:126,0
DA:127,0
DA:129,0
DA:130,0
DA:131,0
DA:134,1
DA:135,0
DA:136,0
DA:137,0
DA:138,0
DA:141,0
DA:142,0
DA:143,0
DA:149,0
DA:150,0
DA:152,1
DA:153,0
DA:155,1
DA:156,1
DA:157,1
DA:158,1
DA:159,1
DA:160,1
DA:164,1
DA:165,1
DA:166,1
DA:167,1
DA:168,1
DA:169,1
DA:170,1
DA:171,1
DA:172,1
DA:174,1
DA:176,1
DA:177,0
DA:180,1
DA:181,1
DA:182,0
DA:184,1
LF:95
LH:33
BRDA:20,0,0,1
BRDA:20,0,1,0
BRDA:29,1,0,1
BRDA:29,1,1,0
BRDA:39,2,0,0
BRDA:39,2,1,0
BRDA:44,3,0,0
BRDA:44,3,1,0
BRDA:44,4,0,0
BRDA:44,4,1,0
BRDA:44,4,2,0
BRDA:64,5,0,0
BRDA:64,5,1,0
BRDA:69,6,0,0
BRDA:69,6,1,0
BRDA:69,7,0,0
BRDA:69,7,1,0
BRDA:69,7,2,0
BRDA:96,8,0,0
BRDA:96,8,1,0
BRDA:96,9,0,0
BRDA:96,9,1,0
BRDA:100,10,0,0
BRDA:100,10,1,0
BRDA:105,11,0,0
BRDA:105,11,1,0
BRDA:111,12,0,0
BRDA:111,12,1,0
BRDA:122,13,0,0
BRDA:122,13,1,0
BRDA:136,14,0,0
BRDA:136,14,1,0
BRDA:142,15,0,0
BRDA:142,15,1,0
BRDA:142,16,0,0
BRDA:142,16,1,0
BRF:36
BRH:2
end_of_record
TN:
SF:F:\Karma-learning\node_modules\setimmediate\setImmediate.js
FN:1,(anonymous_0)
FN:14,setImmediate
FN:31,clearImmediate
FN:35,run
FN:57,runIfPresent
FN:78,installNextTickImplementation
FN:79,(anonymous_6)
FN:80,(anonymous_7)
FN:84,canUsePostMessage
FN:90,(anonymous_9)
FN:99,installPostMessageImplementation
FN:105,(anonymous_11)
FN:119,(anonymous_12)
FN:124,installMessageChannelImplementation
FN:126,(anonymous_14)
FN:131,(anonymous_15)
FN:136,installReadyStateChangeImplementation
FN:138,(anonymous_17)
FN:142,(anonymous_18)
FN:152,installSetTimeoutImplementation
FN:153,(anonymous_20)
FNF:21
FNH:4
FNDA:1,(anonymous_0)
FNDA:0,setImmediate
FNDA:0,clearImmediate
FNDA:0,run
FNDA:0,runIfPresent
FNDA:0,installNextTickImplementation
FNDA:0,(anonymous_6)
FNDA:0,(anonymous_7)
FNDA:1,canUsePostMessage
FNDA:0,(anonymous_9)
FNDA:1,installPostMessageImplementation
FNDA:1,(anonymous_11)
FNDA:0,(anonymous_12)
FNDA:0,installMessageChannelImplementation
FNDA:0,(anonymous_14)
FNDA:0,(anonymous_15)
FNDA:0,installReadyStateChangeImplementation
FNDA:0,(anonymous_17)
FNDA:0,(anonymous_18)
FNDA:0,installSetTimeoutImplementation
FNDA:0,(anonymous_20)
DA:1,1
DA:4,1
DA:5,0
DA:8,1
DA:9,1
DA:10,1
DA:11,1
DA:16,0
DA:17,0
DA:20,0
DA:21,0
DA:22,0
DA:25,0
DA:26,0
DA:27,0
DA:28,0
DA:32,0
DA:36,0
DA:37,0
DA:38,0
DA:40,0
DA:41,0
DA:43,0
DA:44,0
DA:46,0
DA:47,0
DA:49,0
DA:50,0
DA:52,0
DA:53,0
DA:60,0
DA:63,0
DA:65,0
DA:66,0
DA:67,0
DA:68,0
DA:69,0
DA:71,0
DA:72,0
DA:79,0
DA:80,0
DA:87,1
DA:88,1
DA:89,1
DA:90,1
DA:91,0
DA:93,1
DA:94,1
DA:95,1
DA:104,1
DA:105,1
DA:106,1
DA:109,0
DA:113,1
DA:114,1
DA:116,0
DA:119,1
DA:120,0
DA:125,0
DA:126,0
DA:127,0
DA:128,0
DA:131,0
DA:132,0
DA:137,0
DA:138,0
DA:141,0
DA:142,0
DA:143,0
DA:144,0
DA:145,0
DA:146,0
DA:148,0
DA:153,0
DA:154,0
DA:159,1
DA:160,1
DA:163,1
DA:165,0
DA:167,1
DA:169,1
DA:171,0
DA:173,0
DA:175,0
DA:177,0
DA:181,0
DA:184,1
DA:185,1
LF:88
LH:26
BRDA:4,0,0,0
BRDA:4,0,1,1
BRDA:16,1,0,0
BRDA:16,1,1,0
BRDA:38,2,0,0
BRDA:38,2,1,0
BRDA:38,2,2,0
BRDA:38,2,3,0
BRDA:38,2,4,0
BRDA:60,3,0,0
BRDA:60,3,1,0
BRDA:66,4,0,0
BRDA:66,4,1,0
BRDA:87,5,0,1
BRDA:87,5,1,0
BRDA:87,6,0,1
BRDA:87,6,1,1
BRDA:106,7,0,0
BRDA:106,7,1,1
BRDA:106,8,0,1
BRDA:106,8,1,1
BRDA:106,8,2,1
BRDA:113,9,0,1
BRDA:113,9,1,0
BRDA:159,10,0,1
BRDA:159,10,1,1
BRDA:160,11,0,0
BRDA:160,11,1,1
BRDA:160,12,0,1
BRDA:160,12,1,1
BRDA:163,13,0,0
BRDA:163,13,1,1
BRDA:167,14,0,1
BRDA:167,14,1,0
BRDA:171,15,0,0
BRDA:171,15,1,0
BRDA:175,16,0,0
BRDA:175,16,1,0
BRDA:175,17,0,0
BRDA:175,17,1,0
BRDA:186,18,0,0
BRDA:186,18,1,1
BRDA:186,19,0,0
BRDA:186,19,1,0
BRF:44
BRH:17
end_of_record
TN:
SF:F:\Karma-learning\node_modules\vue\dist\vue.esm.js
FN:12,isUndef
FN:16,isDef
FN:20,isTrue
FN:24,isFalse
FN:31,isPrimitive
FN:46,isObject
FN:55,toRawType
FN:63,isPlainObject
FN:67,isRegExp
FN:74,isValidArrayIndex
FN:82,toString
FN:94,toNumber
FN:106,makeMap
FN:113,(anonymous_13)
FN:114,(anonymous_14)
FN:130,remove
FN:143,hasOwn
FN:150,cached
FN:152,cachedFn
FN:162,(anonymous_19)
FN:163,(anonymous_20)
FN:169,(anonymous_21)
FN:177,(anonymous_22)
FN:204,nativeBind
FN:215,toArray
FN:228,extend
FN:238,toObject
FN:253,noop
FN:258,(anonymous_28)
FN:263,(anonymous_29)
FN:268,genStaticKeys
FN:269,(anonymous_31)
FN:278,looseEqual
FN:287,(anonymous_33)
FN:293,(anonymous_34)
FN:311,looseIndexOf
FN:321,once
FN:323,(anonymous_37)
FN:448,isReserved
FN:456,def
FN:469,parsePath
FN:474,(anonymous_41)
FN:508,get
FN:520,(anonymous_43)
FN:553,(anonymous_44)
FN:554,Set
FN:557,has
FN:560,add
FN:563,clear
FN:581,(anonymous_49)
FN:582,(anonymous_50)
FN:585,(anonymous_51)
FN:595,(anonymous_52)
FN:603,(anonymous_53)
FN:625,(anonymous_54)
FN:635,(anonymous_55)
FN:655,(anonymous_56)
FN:674,Dep
FN:679,addSub
FN:683,removeSub
FN:687,depend
FN:693,notify
FN:707,pushTarget
FN:712,popTarget
FN:727,VNode
FN:763,(anonymous_65)
FN:772,createTextVNode
FN:780,cloneVNode
FN:823,(anonymous_68)
FN:826,mutator
FN:859,toggleObserving
FN:869,Observer
FN:890,walk
FN:900,observeArray
FN:912,protoAugment
FN:935,observe
FN:966,defineReactive
FN:985,reactiveGetter
FN:998,reactiveSetter
FN:1024,set
FN:1059,del
FN:1091,dependArray
FN:1114,(anonymous_82)
FN:1128,mergeData
FN:1152,mergeDataOrFn
FN:1166,mergedDataFn
FN:1173,mergedInstanceDataFn
FN:1194,(anonymous_87)
FN:1218,mergeHook
FN:1228,(anonymous_89)
FN:1244,mergeAssets
FN:1254,(anonymous_91)
FN:1269,(anonymous_92)
FN:1305,(anonymous_93)
FN:1320,(anonymous_94)
FN:1329,checkComponents
FN:1335,validateComponentName
FN:1355,normalizeProps
FN:1392,normalizeInject
FN:1419,normalizeDirectives
FN:1431,assertObjectType
FN:1449,mergeOptions
FN:1480,mergeField
FN:1497,resolveAsset
FN:1527,validateProp
FN:1568,getPropDefaultValue
FN:1607,assertProp
FN:1653,assertType
FN:1681,getType
FN:1686,isSameType
FN:1690,getTypeIndex
FN:1704,handleError
FN:1724,globalHandleError
FN:1735,logError
FN:1753,flushCallbacks
FN:1791,(anonymous_115)
FN:1823,withMacroTask
FN:1824,(anonymous_117)
FN:1832,nextTick
FN:1834,(anonymous_119)
FN:1855,(anonymous_120)
FN:1898,(anonymous_121)
FN:1915,set
FN:1928,has
FN:1939,get
FN:1947,initProxy
FN:1970,traverse
FN:1975,_traverse
FN:2000,(anonymous_128)
FN:2015,createFnInvoker
FN:2016,invoker
FN:2040,updateListeners
FN:2072,mergeVNodeHook
FN:2079,wrappedHook
FN:2111,extractPropsFromVNodeData
FN:2154,checkProp
FN:2187,simpleNormalizeChildren
FN:2200,normalizeChildren
FN:2208,isTextNode
FN:2212,normalizeArrayChildren
FN:2262,ensureCtor
FN:2280,createAsyncPlaceholder
FN:2291,resolveAsyncComponent
FN:2311,(anonymous_143)
FN:2317,(anonymous_144)
FN:2327,(anonymous_145)
FN:2358,(anonymous_146)
FN:2368,(anonymous_147)
FN:2391,isAsyncPlaceholder
FN:2397,getFirstComponentChild
FN:2412,initEvents
FN:2424,add
FN:2432,remove$1
FN:2440,updateComponentListeners
FN:2446,eventsMixin
FN:2448,(anonymous_155)
FN:2467,(anonymous_156)
FN:2469,on
FN:2478,(anonymous_158)
FN:2518,(anonymous_159)
FN:2558,resolveSlots
FN:2595,isWhitespace
FN:2602,resolveScopedSlots
FN:2619,initLifecycle
FN:2645,lifecycleMixin
FN:2646,(anonymous_165)
FN:2688,(anonymous_166)
FN:2695,(anonymous_167)
FN:2743,mountComponent
FN:2787,(anonymous_169)
FN:2813,updateChildComponent
FN:2873,isInInactiveTree
FN:2880,activateChildComponent
FN:2898,deactivateChildComponent
FN:2914,callHook
FN:2949,resetSchedulerState
FN:2961,flushSchedulerQueue
FN:2973,(anonymous_177)
FN:3016,callUpdatedHooks
FN:3031,queueActivatedComponent
FN:3038,callActivatedHooks
FN:3050,queueWatcher
FN:3088,Watcher
FN:3120,(anonymous_183)
FN:3137,get
FN:3164,addDep
FN:3178,cleanupDeps
FN:3202,update
FN:3217,run
FN:3248,evaluate
FN:3256,depend
FN:3268,teardown
FN:3295,proxy
FN:3296,proxyGetter
FN:3299,proxySetter
FN:3305,initState
FN:3321,initProps
FN:3332,(anonymous_197)
FN:3345,(anonymous_198)
FN:3371,initData
FN:3413,getData
FN:3428,initComputed
FN:3473,defineComputed
FN:3492,(anonymous_203)
FN:3502,createComputedGetter
FN:3503,computedGetter
FN:3517,initMethods
FN:3545,initWatch
FN:3563,createWatcher
FN:3574,stateMixin
FN:3579,(anonymous_210)
FN:3581,(anonymous_211)
FN:3583,(anonymous_212)
FN:3590,(anonymous_213)
FN:3604,(anonymous_214)
FN:3615,unwatchFn
FN:3623,initProvide
FN:3632,initInjections
FN:3636,(anonymous_218)
FN:3639,(anonymous_219)
FN:3655,resolveInject
FN:3660,(anonymous_221)
FN:3700,renderList
FN:3736,renderSlot
FN:3780,resolveFilter
FN:3786,isKeyNotMatch
FN:3805,checkKeyCodes
FN:3827,bindObjectProps
FN:3839,(anonymous_228)
FN:3857,(anonymous_229)
FN:3878,renderStatic
FN:3904,markOnce
FN:3913,markStatic
FN:3925,markStaticNode
FN:3933,bindObjectListeners
FN:3954,installRenderHelpers
FN:3980,FunctionalRenderContext
FN:4006,(anonymous_237)
FN:4018,(anonymous_238)
FN:4027,(anonymous_239)
FN:4039,createFunctionalComponent
FN:4074,cloneAndMarkFunctionalResult
FN:4087,mergeProps
FN:4121,init
FN:4141,prepatch
FN:4153,insert
FN:4174,destroy
FN:4194,createComponent
FN:4296,createComponentInstanceForVnode
FN:4313,installComponentHooks
FN:4323,transformModel
FN:4348,createElement
FN:4366,_createElement
FN:4445,applyNS
FN:4466,registerDeepBindings
FN:4477,initRender
FN:4489,(anonymous_256)
FN:4492,(anonymous_257)
FN:4500,(anonymous_258)
FN:4503,(anonymous_259)
FN:4512,renderMixin
FN:4516,(anonymous_261)
FN:4520,(anonymous_262)
FN:4586,initMixin
FN:4587,(anonymous_264)
FN:4645,initInternalComponent
FN:4666,resolveConstructorOptions
FN:4690,resolveModifiedOptions
FN:4704,dedupe
FN:4723,Vue
FN:4740,initUse
FN:4741,(anonymous_271)
FN:4762,initMixin$1
FN:4763,(anonymous_273)
FN:4771,initExtend
FN:4783,(anonymous_275)
FN:4797,VueComponent
FN:4826,(anonymous_277)
FN:4847,initProps$1
FN:4854,initComputed$1
FN:4863,initAssetRegisters
FN:4867,(anonymous_281)
FN:4871,(anonymous_282)
FN:4895,getComponentName
FN:4899,matches
FN:4911,pruneCache
FN:4931,pruneCacheEntry
FN:4952,created
FN:4957,destroyed
FN:4965,mounted
FN:4968,(anonymous_290)
FN:4969,(anonymous_291)
FN:4971,(anonymous_292)
FN:4972,(anonymous_293)
FN:4976,render
FN:5029,initGlobalAPI
FN:5032,(anonymous_296)
FN:5034,(anonymous_297)
FN:5057,(anonymous_298)
FN:5080,get
FN:5101,(anonymous_300)
FN:5123,(anonymous_301)
FN:5127,(anonymous_302)
FN:5131,(anonymous_303)
FN:5137,genClassForVnode
FN:5155,mergeClassData
FN:5167,renderClass
FN:5175,concat
FN:5179,stringifyClass
FN:5193,stringifyArray
FN:5205,stringifyObject
FN:5246,(anonymous_311)
FN:5248,(anonymous_312)
FN:5252,getTagNamespace
FN:5264,isUnknownElement
FN:5296,query
FN:5313,createElement$1
FN:5325,createElementNS
FN:5329,createTextNode
FN:5333,createComment
FN:5337,insertBefore
FN:5341,removeChild
FN:5345,appendChild
FN:5349,parentNode
FN:5353,nextSibling
FN:5357,tagName
FN:5361,setTextContent
FN:5365,setStyleScope
FN:5388,create
FN:5391,update
FN:5397,destroy
FN:5402,registerRef
FN:5445,sameVnode
FN:5462,sameInputType
FN:5470,createKeyToOldIdx
FN:5480,createPatchFunction
FN:5496,emptyNodeAt
FN:5500,createRmCb
FN:5501,remove
FN:5510,removeNode
FN:5518,isUnknownElement$$1
FN:5524,(anonymous_341)
FN:5544,createElm
FN:5603,createComponent
FN:5624,initComponent
FN:5642,reactivateComponent
FN:5664,insert
FN:5676,createChildren
FN:5689,isPatchable
FN:5696,invokeCreateHooks
FN:5710,setScope
FN:5733,addVnodes
FN:5739,invokeDestroyHook
FN:5753,removeVnodes
FN:5767,removeAndInvokeRemoveHook
FN:5796,updateChildren
FN:5868,checkDuplicateKeys
FN:5886,findIdxInOld
FN:5893,patchVnode
FN:5953,invokeInsertHook
FN:5973,hydrate
FN:6068,assertNodeMatch
FN:6079,patch
FN:6189,unbindDirectives
FN:6194,updateDirectives
FN:6200,_update
FN:6230,(anonymous_366)
FN:6243,(anonymous_367)
FN:6265,normalizeDirectives$1
FN:6285,getRawDirName
FN:6289,callHook$1
FN:6307,updateAttrs
FN:6348,setAttr
FN:6377,baseSetAttr
FN:6409,updateClass
FN:6449,parseFilters
FN:6517,pushFilter
FN:6531,wrapFilter
FN:6545,baseWarn
FN:6552,pluckModuleFunction
FN:6554,(anonymous_380)
FN:6554,(anonymous_381)
FN:6558,addProp
FN:6563,addAttr
FN:6569,addRawAttr
FN:6581,addDirective
FN:6593,addHandler
FN:6666,getBindingAttr
FN:6688,getAndRemoveAttr
FN:6714,genComponentModel
FN:6745,genAssignmentCode
FN:6778,parseModel
FN:6818,next
FN:6822,eof
FN:6826,isStringStart
FN:6830,parseBracket
FN:6848,parseString
FN:6871,model
FN:6922,genCheckboxModel
FN:6953,genRadioModel
FN:6965,genSelect
FN:6982,genDefaultModel
FN:7036,normalizeEvents
FN:7055,createOnceHandler
FN:7057,onceHandler
FN:7071,add$1
FN:7088,remove$2
FN:7096,updateDOMListeners
FN:7115,updateDOMProps
FN:7166,shouldUpdateValue
FN:7174,isNotInFocusAndDirty
FN:7184,isDirtyWithModifiers
FN:7209,(anonymous_412)
FN:7213,(anonymous_413)
FN:7223,normalizeStyleData
FN:7233,normalizeStyleBinding
FN:7247,getStyle
FN:7281,(anonymous_417)
FN:7305,(anonymous_418)
FN:7320,updateStyle
FN:7374,addClass
FN:7383,(anonymous_421)
FN:7399,removeClass
FN:7408,(anonymous_423)
FN:7432,resolveTransition
FN:7449,(anonymous_425)
FN:7492,nextFrame
FN:7493,(anonymous_427)
FN:7498,addTransitionClass
FN:7506,removeTransitionClass
FN:7517,whenTransitionEnds
FN:7525,(anonymous_431)
FN:7529,(anonymous_432)
FN:7536,(anonymous_433)
FN:7546,getTransitionInfo
FN:7595,getTimeout
FN:7601,(anonymous_436)
FN:7606,toMs
FN:7612,enter
FN:7702,(anonymous_439)
FN:7720,(anonymous_440)
FN:7738,(anonymous_441)
FN:7763,leave
FN:7807,(anonymous_443)
FN:7833,performLeave
FN:7846,(anonymous_445)
FN:7868,checkDuration
FN:7884,isValidDuration
FN:7894,getHookArgumentsLength
FN:7911,_enter
FN:7920,remove$$1
FN:7964,inserted
FN:7968,(anonymous_452)
FN:7993,componentUpdated
FN:8002,(anonymous_454)
FN:8006,(anonymous_455)
FN:8016,setSelected
FN:8026,actuallySetSelected
FN:8059,hasNoMatchingOption
FN:8060,(anonymous_459)
FN:8063,getValue
FN:8069,onCompositionStart
FN:8073,onCompositionEnd
FN:8080,trigger
FN:8089,locateNode
FN:8096,bind
FN:8105,(anonymous_466)
FN:8113,update
FN:8124,(anonymous_468)
FN:8128,(anonymous_469)
FN:8143,unbind
FN:8180,getRealChild
FN:8189,extractTransitionData
FN:8205,placeholder
FN:8213,hasParentTransition
FN:8221,isSameChild
FN:8230,render
FN:8239,(anonymous_477)
FN:8304,(anonymous_478)
FN:8323,(anonymous_479)
FN:8333,(anonymous_480)
FN:8336,(anonymous_481)
FN:8367,render
FN:8410,beforeUpdate
FN:8421,updated
FN:8439,(anonymous_485)
FN:8445,cb
FN:8457,hasMove
FN:8473,(anonymous_488)
FN:8485,callPendingCbs
FN:8496,recordPosition
FN:8500,applyTranslation
FN:8538,(anonymous_492)
FN:8580,(anonymous_493)
FN:8591,parseText
FN:8625,transformNode
FN:8648,genData
FN:8667,transformNode$1
FN:8692,genData$1
FN:8714,decode
FN:8770,(anonymous_500)
FN:8791,(anonymous_501)
FN:8793,decodeAttr
FN:8795,(anonymous_503)
FN:8798,parseHTML
FN:8892,(anonymous_505)
FN:8924,advance
FN:8929,parseStartTag
FN:8952,handleStartTag
FN:8997,parseEndTag
FN:9082,createASTElement
FN:9099,parse
FN:9120,warnOnce
FN:9127,closeElement
FN:9149,start
FN:9199,checkRootConstraints
FN:9255,end
FN:9268,chars
FN:9313,comment
FN:9324,processPre
FN:9330,processRawAttrs
FN:9346,processElement
FN:9362,processKey
FN:9372,processRef
FN:9380,processFor
FN:9396,parseFor
FN:9415,processIf
FN:9434,processIfConditions
FN:9449,findPrevElement
FN:9466,addIfCondition
FN:9473,processOnce
FN:9480,processSlot
FN:9529,processComponent
FN:9539,processAttrs
FN:9622,checkInFor
FN:9633,parseModifiers
FN:9637,(anonymous_536)
FN:9642,makeAttrsMap
FN:9657,isTextTag
FN:9661,isForbiddenTag
FN:9687,checkForAliasModel
FN:9715,preTransformNode
FN:9777,cloneASTElement
FN:9793,text
FN:9801,html
FN:9846,optimize
FN:9856,genStaticKeys$1
FN:9863,markStatic$1
FN:9895,markStaticRoots
FN:9925,isStatic
FN:9942,isDirectChildOfTemplateFor
FN:9990,(anonymous_551)
FN:10009,genHandlers
FN:10020,genHandler
FN:10026,(anonymous_554)
FN:10053,(anonymous_555)
FN:10054,(anonymous_556)
FN:10078,genKeyFilter
FN:10082,genFilterCode
FN:10101,on
FN:10105,(anonymous_560)
FN:10110,bind$1
FN:10111,(anonymous_562)
FN:10126,CodegenState
FN:10133,(anonymous_564)
FN:10143,generate
FN:10152,genElement
FN:10185,genStatic
FN:10192,genOnce
FN:10223,genIf
FN:10233,genIfConditions
FN:10246,genTernaryExp
FN:10260,genFor
FN:10287,genData$2
FN:10365,genDirectives
FN:10390,genInlineTemplate
FN:10399,(anonymous_576)
FN:10406,genScopedSlots
FN:10407,(anonymous_578)
FN:10416,genScopedSlot
FN:10433,genForScopedSlot
FN:10451,genChildren
FN:10467,(anonymous_582)
FN:10478,getNormalizationType
FN:10486,(anonymous_584)
FN:10491,(anonymous_585)
FN:10498,needsNormalization
FN:10502,genNode
FN:10512,genText
FN:10518,genComment
FN:10522,genSlot
FN:10526,(anonymous_591)
FN:10545,genComponent
FN:10550,genProps
FN:10563,transformSpecialNewlines
FN:10588,detectErrors
FN:10596,checkNode
FN:10622,checkEvent
FN:10634,checkFor
FN:10646,checkIdentifier
FN:10656,checkExpression
FN:10678,createFunction
FN:10687,createCompileToFunctionFn
FN:10694,compileToFunctions
FN:10733,(anonymous_604)
FN:10738,(anonymous_605)
FN:10746,(anonymous_606)
FN:10775,createCompilerCreator
FN:10776,createCompiler
FN:10780,compile
FN:10784,(anonymous_610)
FN:10833,baseCompile
FN:10855,getShouldDecode
FN:10868,(anonymous_613)
FN:10877,(anonymous_614)
FN:10946,getOuterHTML
FNF:616
FNH:126
FNDA:14,isUndef
FNDA:88,isDef
FNDA:4,isTrue
FNDA:0,isFalse
FNDA:1,isPrimitive
FNDA:5,isObject
FNDA:0,toRawType
FNDA:2,isPlainObject
FNDA:0,isRegExp
FNDA:0,isValidArrayIndex
FNDA:1,toString
FNDA:0,toNumber
FNDA:15,makeMap
FNDA:2,(anonymous_13)
FNDA:2,(anonymous_14)
FNDA:0,remove
FNDA:8,hasOwn
FNDA:11,cached
FNDA:0,cachedFn
FNDA:0,(anonymous_19)
FNDA:0,(anonymous_20)
FNDA:0,(anonymous_21)
FNDA:0,(anonymous_22)
FNDA:0,nativeBind
FNDA:0,toArray
FNDA:5,extend
FNDA:0,toObject
FNDA:0,noop
FNDA:0,(anonymous_28)
FNDA:2,(anonymous_29)
FNDA:1,genStaticKeys
FNDA:3,(anonymous_31)
FNDA:0,looseEqual
FNDA:0,(anonymous_33)
FNDA:0,(anonymous_34)
FNDA:0,looseIndexOf
FNDA:0,once
FNDA:0,(anonymous_37)
FNDA:1,isReserved
FNDA:8,def
FNDA:0,parsePath
FNDA:0,(anonymous_41)
FNDA:1,get
FNDA:1,(anonymous_43)
FNDA:0,(anonymous_44)
FNDA:0,Set
FNDA:0,has
FNDA:0,add
FNDA:0,clear
FNDA:0,(anonymous_49)
FNDA:0,(anonymous_50)
FNDA:0,(anonymous_51)
FNDA:0,(anonymous_52)
FNDA:0,(anonymous_53)
FNDA:0,(anonymous_54)
FNDA:0,(anonymous_55)
FNDA:0,(anonymous_56)
FNDA:4,Dep
FNDA:1,addSub
FNDA:0,removeSub
FNDA:1,depend
FNDA:0,notify
FNDA:6,pushTarget
FNDA:6,popTarget
FNDA:4,VNode
FNDA:0,(anonymous_65)
FNDA:1,createTextVNode
FNDA:0,cloneVNode
FNDA:7,(anonymous_68)
FNDA:0,mutator
FNDA:0,toggleObserving
FNDA:1,Observer
FNDA:1,walk
FNDA:0,observeArray
FNDA:0,protoAugment
FNDA:2,observe
FNDA:3,defineReactive
FNDA:1,reactiveGetter
FNDA:0,reactiveSetter
FNDA:0,set
FNDA:0,del
FNDA:0,dependArray
FNDA:0,(anonymous_82)
FNDA:0,mergeData
FNDA:2,mergeDataOrFn
FNDA:0,mergedDataFn
FNDA:1,mergedInstanceDataFn
FNDA:2,(anonymous_87)
FNDA:0,mergeHook
FNDA:11,(anonymous_89)
FNDA:6,mergeAssets
FNDA:3,(anonymous_91)
FNDA:0,(anonymous_92)
FNDA:0,(anonymous_93)
FNDA:14,(anonymous_94)
FNDA:0,checkComponents
FNDA:0,validateComponentName
FNDA:2,normalizeProps
FNDA:2,normalizeInject
FNDA:2,normalizeDirectives
FNDA:0,assertObjectType
FNDA:2,mergeOptions
FNDA:22,mergeField
FNDA:0,resolveAsset
FNDA:0,validateProp
FNDA:0,getPropDefaultValue
FNDA:0,assertProp
FNDA:0,assertType
FNDA:0,getType
FNDA:0,isSameType
FNDA:0,getTypeIndex
FNDA:0,handleError
FNDA:0,globalHandleError
FNDA:0,logError
FNDA:0,flushCallbacks
FNDA:0,(anonymous_115)
FNDA:0,withMacroTask
FNDA:0,(anonymous_117)
FNDA:0,nextTick
FNDA:0,(anonymous_119)
FNDA:0,(anonymous_120)
FNDA:0,(anonymous_121)
FNDA:0,set
FNDA:0,has
FNDA:0,get
FNDA:0,initProxy
FNDA:0,traverse
FNDA:0,_traverse
FNDA:0,(anonymous_128)
FNDA:0,createFnInvoker
FNDA:0,invoker
FNDA:0,updateListeners
FNDA:0,mergeVNodeHook
FNDA:0,wrappedHook
FNDA:0,extractPropsFromVNodeData
FNDA:0,checkProp
FNDA:0,simpleNormalizeChildren
FNDA:0,normalizeChildren
FNDA:0,isTextNode
FNDA:0,normalizeArrayChildren
FNDA:0,ensureCtor
FNDA:0,createAsyncPlaceholder
FNDA:0,resolveAsyncComponent
FNDA:0,(anonymous_143)
FNDA:0,(anonymous_144)
FNDA:0,(anonymous_145)
FNDA:0,(anonymous_146)
FNDA:0,(anonymous_147)
FNDA:0,isAsyncPlaceholder
FNDA:0,getFirstComponentChild
FNDA:1,initEvents
FNDA:0,add
FNDA:0,remove$1
FNDA:0,updateComponentListeners
FNDA:1,eventsMixin
FNDA:0,(anonymous_155)
FNDA:0,(anonymous_156)
FNDA:0,on
FNDA:0,(anonymous_158)
FNDA:0,(anonymous_159)
FNDA:1,resolveSlots
FNDA:0,isWhitespace
FNDA:0,resolveScopedSlots
FNDA:1,initLifecycle
FNDA:1,lifecycleMixin
FNDA:1,(anonymous_165)
FNDA:0,(anonymous_166)
FNDA:0,(anonymous_167)
FNDA:1,mountComponent
FNDA:1,(anonymous_169)
FNDA:0,updateChildComponent
FNDA:0,isInInactiveTree
FNDA:0,activateChildComponent
FNDA:0,deactivateChildComponent
FNDA:4,callHook
FNDA:0,resetSchedulerState
FNDA:0,flushSchedulerQueue
FNDA:0,(anonymous_177)
FNDA:0,callUpdatedHooks
FNDA:0,queueActivatedComponent
FNDA:0,callActivatedHooks
FNDA:0,queueWatcher
FNDA:1,Watcher
FNDA:0,(anonymous_183)
FNDA:1,get
FNDA:1,addDep
FNDA:1,cleanupDeps
FNDA:0,update
FNDA:0,run
FNDA:0,evaluate
FNDA:0,depend
FNDA:0,teardown
FNDA:1,proxy
FNDA:1,proxyGetter
FNDA:0,proxySetter
FNDA:1,initState
FNDA:0,initProps
FNDA:0,(anonymous_197)
FNDA:0,(anonymous_198)
FNDA:1,initData
FNDA:1,getData
FNDA:0,initComputed
FNDA:0,defineComputed
FNDA:0,(anonymous_203)
FNDA:0,createComputedGetter
FNDA:0,computedGetter
FNDA:0,initMethods
FNDA:0,initWatch
FNDA:0,createWatcher
FNDA:1,stateMixin
FNDA:0,(anonymous_210)
FNDA:0,(anonymous_211)
FNDA:0,(anonymous_212)
FNDA:0,(anonymous_213)
FNDA:0,(anonymous_214)
FNDA:0,unwatchFn
FNDA:1,initProvide
FNDA:1,initInjections
FNDA:0,(anonymous_218)
FNDA:0,(anonymous_219)
FNDA:1,resolveInject
FNDA:0,(anonymous_221)
FNDA:0,renderList
FNDA:0,renderSlot
FNDA:0,resolveFilter
FNDA:0,isKeyNotMatch
FNDA:0,checkKeyCodes
FNDA:0,bindObjectProps
FNDA:0,(anonymous_228)
FNDA:0,(anonymous_229)
FNDA:0,renderStatic
FNDA:0,markOnce
FNDA:0,markStatic
FNDA:0,markStaticNode
FNDA:0,bindObjectListeners
FNDA:2,installRenderHelpers
FNDA:0,FunctionalRenderContext
FNDA:0,(anonymous_237)
FNDA:0,(anonymous_238)
FNDA:0,(anonymous_239)
FNDA:0,createFunctionalComponent
FNDA:0,cloneAndMarkFunctionalResult
FNDA:0,mergeProps
FNDA:0,init
FNDA:0,prepatch
FNDA:0,insert
FNDA:0,destroy
FNDA:0,createComponent
FNDA:0,createComponentInstanceForVnode
FNDA:0,installComponentHooks
FNDA:0,transformModel
FNDA:2,createElement
FNDA:2,_createElement
FNDA:0,applyNS
FNDA:1,registerDeepBindings
FNDA:1,initRender
FNDA:2,(anonymous_256)
FNDA:0,(anonymous_257)
FNDA:0,(anonymous_258)
FNDA:0,(anonymous_259)
FNDA:1,renderMixin
FNDA:0,(anonymous_261)
FNDA:1,(anonymous_262)
FNDA:1,initMixin
FNDA:1,(anonymous_264)
FNDA:0,initInternalComponent
FNDA:2,resolveConstructorOptions
FNDA:0,resolveModifiedOptions
FNDA:0,dedupe
FNDA:0,Vue
FNDA:1,initUse
FNDA:0,(anonymous_271)
FNDA:1,initMixin$1
FNDA:0,(anonymous_273)
FNDA:1,initExtend
FNDA:1,(anonymous_275)
FNDA:1,VueComponent
FNDA:3,(anonymous_277)
FNDA:0,initProps$1
FNDA:0,initComputed$1
FNDA:1,initAssetRegisters
FNDA:3,(anonymous_281)
FNDA:0,(anonymous_282)
FNDA:0,getComponentName
FNDA:0,matches
FNDA:0,pruneCache
FNDA:0,pruneCacheEntry
FNDA:0,created
FNDA:0,destroyed
FNDA:0,mounted
FNDA:0,(anonymous_290)
FNDA:0,(anonymous_291)
FNDA:0,(anonymous_292)
FNDA:0,(anonymous_293)
FNDA:0,render
FNDA:1,initGlobalAPI
FNDA:6,(anonymous_296)
FNDA:0,(anonymous_297)
FNDA:3,(anonymous_298)
FNDA:0,get
FNDA:0,(anonymous_300)
FNDA:0,(anonymous_301)
FNDA:0,(anonymous_302)
FNDA:0,(anonymous_303)
FNDA:1,genClassForVnode
FNDA:0,mergeClassData
FNDA:1,renderClass
FNDA:1,concat
FNDA:1,stringifyClass
FNDA:0,stringifyArray
FNDA:0,stringifyObject
FNDA:0,(anonymous_311)
FNDA:2,(anonymous_312)
FNDA:2,getTagNamespace
FNDA:0,isUnknownElement
FNDA:0,query
FNDA:2,createElement$1
FNDA:0,createElementNS
FNDA:1,createTextNode
FNDA:0,createComment
FNDA:0,insertBefore
FNDA:0,removeChild
FNDA:2,appendChild
FNDA:0,parentNode
FNDA:0,nextSibling
FNDA:0,tagName
FNDA:0,setTextContent
FNDA:0,setStyleScope
FNDA:1,create
FNDA:0,update
FNDA:0,destroy
FNDA:1,registerRef
FNDA:0,sameVnode
FNDA:0,sameInputType
FNDA:0,createKeyToOldIdx
FNDA:1,createPatchFunction
FNDA:0,emptyNodeAt
FNDA:0,createRmCb
FNDA:0,remove
FNDA:0,removeNode
FNDA:0,isUnknownElement$$1
FNDA:0,(anonymous_341)
FNDA:3,createElm
FNDA:3,createComponent
FNDA:0,initComponent
FNDA:0,reactivateComponent
FNDA:3,insert
FNDA:2,createChildren
FNDA:0,isPatchable
FNDA:1,invokeCreateHooks
FNDA:2,setScope
FNDA:0,addVnodes
FNDA:0,invokeDestroyHook
FNDA:0,removeVnodes
FNDA:0,removeAndInvokeRemoveHook
FNDA:0,updateChildren
FNDA:0,checkDuplicateKeys
FNDA:0,findIdxInOld
FNDA:0,patchVnode
FNDA:1,invokeInsertHook
FNDA:0,hydrate
FNDA:0,assertNodeMatch
FNDA:1,patch
FNDA:0,unbindDirectives
FNDA:1,updateDirectives
FNDA:0,_update
FNDA:0,(anonymous_366)
FNDA:0,(anonymous_367)
FNDA:0,normalizeDirectives$1
FNDA:0,getRawDirName
FNDA:0,callHook$1
FNDA:1,updateAttrs
FNDA:0,setAttr
FNDA:0,baseSetAttr
FNDA:1,updateClass
FNDA:0,parseFilters
FNDA:0,pushFilter
FNDA:0,wrapFilter
FNDA:0,baseWarn
FNDA:0,pluckModuleFunction
FNDA:0,(anonymous_380)
FNDA:0,(anonymous_381)
FNDA:0,addProp
FNDA:0,addAttr
FNDA:0,addRawAttr
FNDA:0,addDirective
FNDA:0,addHandler
FNDA:0,getBindingAttr
FNDA:0,getAndRemoveAttr
FNDA:0,genComponentModel
FNDA:0,genAssignmentCode
FNDA:0,parseModel
FNDA:0,next
FNDA:0,eof
FNDA:0,isStringStart
FNDA:0,parseBracket
FNDA:0,parseString
FNDA:0,model
FNDA:0,genCheckboxModel
FNDA:0,genRadioModel
FNDA:0,genSelect
FNDA:0,genDefaultModel
FNDA:0,normalizeEvents
FNDA:0,createOnceHandler
FNDA:0,onceHandler
FNDA:0,add$1
FNDA:0,remove$2
FNDA:1,updateDOMListeners
FNDA:1,updateDOMProps
FNDA:0,shouldUpdateValue
FNDA:0,isNotInFocusAndDirty
FNDA:0,isDirtyWithModifiers
FNDA:0,(anonymous_412)
FNDA:0,(anonymous_413)
FNDA:0,normalizeStyleData
FNDA:0,normalizeStyleBinding
FNDA:0,getStyle
FNDA:0,(anonymous_417)
FNDA:0,(anonymous_418)
FNDA:1,updateStyle
FNDA:0,addClass
FNDA:0,(anonymous_421)
FNDA:0,removeClass
FNDA:0,(anonymous_423)
FNDA:1,resolveTransition
FNDA:0,(anonymous_425)
FNDA:0,nextFrame
FNDA:0,(anonymous_427)
FNDA:0,addTransitionClass
FNDA:0,removeTransitionClass
FNDA:0,whenTransitionEnds
FNDA:0,(anonymous_431)
FNDA:0,(anonymous_432)
FNDA:0,(anonymous_433)
FNDA:0,getTransitionInfo
FNDA:0,getTimeout
FNDA:0,(anonymous_436)
FNDA:0,toMs
FNDA:1,enter
FNDA:0,(anonymous_439)
FNDA:0,(anonymous_440)
FNDA:0,(anonymous_441)
FNDA:0,leave
FNDA:0,(anonymous_443)
FNDA:0,performLeave
FNDA:0,(anonymous_445)
FNDA:0,checkDuration
FNDA:0,isValidDuration
FNDA:0,getHookArgumentsLength
FNDA:1,_enter
FNDA:0,remove$$1
FNDA:0,inserted
FNDA:0,(anonymous_452)
FNDA:0,componentUpdated
FNDA:0,(anonymous_454)
FNDA:0,(anonymous_455)
FNDA:0,setSelected
FNDA:0,actuallySetSelected
FNDA:0,hasNoMatchingOption
FNDA:0,(anonymous_459)
FNDA:0,getValue
FNDA:0,onCompositionStart
FNDA:0,onCompositionEnd
FNDA:0,trigger
FNDA:0,locateNode
FNDA:0,bind
FNDA:0,(anonymous_466)
FNDA:0,update
FNDA:0,(anonymous_468)
FNDA:0,(anonymous_469)
FNDA:0,unbind
FNDA:0,getRealChild
FNDA:0,extractTransitionData
FNDA:0,placeholder
FNDA:0,hasParentTransition
FNDA:0,isSameChild
FNDA:0,render
FNDA:0,(anonymous_477)
FNDA:0,(anonymous_478)
FNDA:0,(anonymous_479)
FNDA:0,(anonymous_480)
FNDA:0,(anonymous_481)
FNDA:0,render
FNDA:0,beforeUpdate
FNDA:0,updated
FNDA:0,(anonymous_485)
FNDA:0,cb
FNDA:0,hasMove
FNDA:0,(anonymous_488)
FNDA:0,callPendingCbs
FNDA:0,recordPosition
FNDA:0,applyTranslation
FNDA:1,(anonymous_492)
FNDA:0,(anonymous_493)
FNDA:0,parseText
FNDA:0,transformNode
FNDA:0,genData
FNDA:0,transformNode$1
FNDA:0,genData$1
FNDA:0,decode
FNDA:1,(anonymous_500)
FNDA:0,(anonymous_501)
FNDA:0,decodeAttr
FNDA:0,(anonymous_503)
FNDA:0,parseHTML
FNDA:0,(anonymous_505)
FNDA:0,advance
FNDA:0,parseStartTag
FNDA:0,handleStartTag
FNDA:0,parseEndTag
FNDA:0,createASTElement
FNDA:0,parse
FNDA:0,warnOnce
FNDA:0,closeElement
FNDA:0,start
FNDA:0,checkRootConstraints
FNDA:0,end
FNDA:0,chars
FNDA:0,comment
FNDA:0,processPre
FNDA:0,processRawAttrs
FNDA:0,processElement
FNDA:0,processKey
FNDA:0,processRef
FNDA:0,processFor
FNDA:0,parseFor
FNDA:0,processIf
FNDA:0,processIfConditions
FNDA:0,findPrevElement
FNDA:0,addIfCondition
FNDA:0,processOnce
FNDA:0,processSlot
FNDA:0,processComponent
FNDA:0,processAttrs
FNDA:0,checkInFor
FNDA:0,parseModifiers
FNDA:0,(anonymous_536)
FNDA:0,makeAttrsMap
FNDA:0,isTextTag
FNDA:0,isForbiddenTag
FNDA:0,checkForAliasModel
FNDA:0,preTransformNode
FNDA:0,cloneASTElement
FNDA:0,text
FNDA:0,html
FNDA:0,optimize
FNDA:0,genStaticKeys$1
FNDA:0,markStatic$1
FNDA:0,markStaticRoots
FNDA:0,isStatic
FNDA:0,isDirectChildOfTemplateFor
FNDA:8,(anonymous_551)
FNDA:0,genHandlers
FNDA:0,genHandler
FNDA:0,(anonymous_554)
FNDA:0,(anonymous_555)
FNDA:0,(anonymous_556)
FNDA:0,genKeyFilter
FNDA:0,genFilterCode
FNDA:0,on
FNDA:0,(anonymous_560)
FNDA:0,bind$1
FNDA:0,(anonymous_562)
FNDA:0,CodegenState
FNDA:0,(anonymous_564)
FNDA:0,generate
FNDA:0,genElement
FNDA:0,genStatic
FNDA:0,genOnce
FNDA:0,genIf
FNDA:0,genIfConditions
FNDA:0,genTernaryExp
FNDA:0,genFor
FNDA:0,genData$2
FNDA:0,genDirectives
FNDA:0,genInlineTemplate
FNDA:0,(anonymous_576)
FNDA:0,genScopedSlots
FNDA:0,(anonymous_578)
FNDA:0,genScopedSlot
FNDA:0,genForScopedSlot
FNDA:0,genChildren
FNDA:0,(anonymous_582)
FNDA:0,getNormalizationType
FNDA:0,(anonymous_584)
FNDA:0,(anonymous_585)
FNDA:0,needsNormalization
FNDA:0,genNode
FNDA:0,genText
FNDA:0,genComment
FNDA:0,genSlot
FNDA:0,(anonymous_591)
FNDA:0,genComponent
FNDA:0,genProps
FNDA:0,transformSpecialNewlines
FNDA:0,detectErrors
FNDA:0,checkNode
FNDA:0,checkEvent
FNDA:0,checkFor
FNDA:0,checkIdentifier
FNDA:0,checkExpression
FNDA:0,createFunction
FNDA:1,createCompileToFunctionFn
FNDA:0,compileToFunctions
FNDA:0,(anonymous_604)
FNDA:0,(anonymous_605)
FNDA:0,(anonymous_606)
FNDA:1,createCompilerCreator
FNDA:1,createCompiler
FNDA:0,compile
FNDA:0,(anonymous_610)
FNDA:0,baseCompile
FNDA:2,getShouldDecode
FNDA:0,(anonymous_613)
FNDA:1,(anonymous_614)
FNDA:0,getOuterHTML
DA:8,1
DA:13,14
DA:17,88
DA:21,4
DA:25,0
DA:32,1
DA:47,5
DA:53,1
DA:56,0
DA:64,2
DA:68,0
DA:75,0
DA:76,0
DA:83,1
DA:95,0
DA:96,0
DA:107,15
DA:108,15
DA:109,15
DA:110,302
DA:112,15
DA:113,2
DA:114,2
DA:120,1
DA:125,1
DA:131,0
DA:132,0
DA:133,0
DA:134,0
DA:142,1
DA:144,8
DA:151,11
DA:152,11
DA:153,0
DA:154,0
DA:161,1
DA:162,1
DA:163,0
DA:169,1
DA:170,0
DA:176,1
DA:177,1
DA:178,0
DA:205,0
DA:208,1
DA:216,0
DA:217,0
DA:218,0
DA:219,0
DA:220,0
DA:222,0
DA:229,5
DA:230,31
DA:232,5
DA:239,0
DA:240,0
DA:241,0
DA:242,0
DA:245,0
DA:258,1
DA:263,2
DA:269,1
DA:270,3
DA:279,0
DA:280,0
DA:281,0
DA:282,0
DA:283,0
DA:284,0
DA:285,0
DA:286,0
DA:287,0
DA:288,0
DA:290,0
DA:291,0
DA:292,0
DA:293,0
DA:294,0
DA:304,0
DA:305,0
DA:307,0
DA:312,0
DA:313,0
DA:315,0
DA:322,0
DA:323,0
DA:324,0
DA:325,0
DA:326,0
DA:331,1
DA:333,1
DA:339,1
DA:355,1
DA:449,1
DA:450,1
DA:457,8
DA:468,1
DA:470,0
DA:471,0
DA:473,0
DA:474,0
DA:475,0
DA:476,0
DA:477,0
DA:479,0
DA:486,1
DA:489,1
DA:490,1
DA:491,1
DA:492,1
DA:493,1
DA:494,1
DA:495,1
DA:496,1
DA:497,1
DA:498,1
DA:501,1
DA:503,1
DA:504,1
DA:505,1
DA:506,1
DA:507,1
DA:513,1
DA:520,1
DA:521,1
DA:523,1
DA:528,1
DA:531,1
DA:535,1
DA:543,1
DA:548,1
DA:553,0
DA:555,0
DA:557,0
DA:558,0
DA:560,0
DA:561,0
DA:563,0
DA:564,0
DA:567,0
DA:573,1
DA:574,1
DA:575,1
DA:576,1
DA:578,1
DA:579,0
DA:580,0
DA:581,0
DA:582,0
DA:585,0
DA:586,0
DA:588,0
DA:589,0
DA:590,0
DA:591,0
DA:595,0
DA:596,0
DA:597,0
DA:603,0
DA:604,0
DA:605,0
DA:607,0
DA:612,0
DA:613,0
DA:614,0
DA:615,0
DA:616,0
DA:619,0
DA:625,0
DA:626,0
DA:627,0
DA:628,0
DA:629,0
DA:630,0
DA:632,0
DA:635,0
DA:636,0
DA:637,0
DA:638,0
DA:639,0
DA:640,0
DA:641,0
DA:642,0
DA:643,0
DA:644,0
DA:645,0
DA:646,0
DA:647,0
DA:648,0
DA:651,0
DA:652,0
DA:654,0
DA:655,0
DA:660,0
DA:668,1
DA:674,1
DA:675,4
DA:676,4
DA:679,1
DA:680,1
DA:683,1
DA:684,0
DA:687,1
DA:688,1
DA:689,1
DA:693,1
DA:695,0
DA:696,0
DA:697,0
DA:704,1
DA:705,1
DA:708,6
DA:709,6
DA:713,6
DA:718,1
DA:728,4
DA:729,4
DA:730,4
DA:731,4
DA:732,4
DA:733,4
DA:734,4
DA:735,4
DA:736,4
DA:737,4
DA:738,4
DA:739,4
DA:740,4
DA:741,4
DA:742,4
DA:743,4
DA:744,4
DA:745,4
DA:746,4
DA:747,4
DA:748,4
DA:749,4
DA:750,4
DA:753,1
DA:761,1
DA:763,1
DA:764,0
DA:766,0
DA:767,0
DA:768,0
DA:769,0
DA:773,1
DA:781,0
DA:791,0
DA:792,0
DA:793,0
DA:794,0
DA:795,0
DA:796,0
DA:797,0
DA:798,0
DA:799,0
DA:807,1
DA:808,1
DA:810,1
DA:823,1
DA:825,7
DA:826,7
DA:827,0
DA:828,0
DA:830,0
DA:831,0
DA:833,0
DA:836,0
DA:837,0
DA:839,0
DA:840,0
DA:842,0
DA:844,0
DA:845,0
DA:851,1
DA:857,1
DA:860,0
DA:869,1
DA:870,1
DA:871,1
DA:872,1
DA:873,1
DA:874,1
DA:875,0
DA:878,0
DA:879,0
DA:881,1
DA:890,1
DA:891,1
DA:892,1
DA:893,1
DA:900,1
DA:901,0
DA:902,0
DA:914,0
DA:936,2
DA:937,1
DA:940,1
DA:941,0
DA:942,1
DA:949,1
DA:951,1
DA:952,1
DA:954,1
DA:967,3
DA:969,3
DA:970,3
DA:971,0
DA:975,3
DA:976,3
DA:977,1
DA:979,3
DA:981,3
DA:982,3
DA:986,1
DA:987,1
DA:988,1
DA:989,1
DA:990,0
DA:991,0
DA:992,0
DA:996,1
DA:999,0
DA:1001,0
DA:1002,0
DA:1005,0
DA:1006,0
DA:1008,0
DA:1009,0
DA:1011,0
DA:1013,0
DA:1014,0
DA:1025,0
DA:1028,0
DA:1030,0
DA:1031,0
DA:1032,0
DA:1033,0
DA:1035,0
DA:1036,0
DA:1037,0
DA:1039,0
DA:1040,0
DA:1041,0
DA:1045,0
DA:1047,0
DA:1048,0
DA:1049,0
DA:1051,0
DA:1052,0
DA:1053,0
DA:1060,0
DA:1063,0
DA:1065,0
DA:1066,0
DA:1067,0
DA:1069,0
DA:1070,0
DA:1071,0
DA:1075,0
DA:1077,0
DA:1078,0
DA:1080,0
DA:1081,0
DA:1082,0
DA:1084,0
DA:1092,0
DA:1093,0
DA:1094,0
DA:1095,0
DA:1096,0
DA:1108,1
DA:1113,1
DA:1114,0
DA:1115,0
DA:1116,0
DA:1121,0
DA:1129,0
DA:1131,0
DA:1132,0
DA:1133,0
DA:1134,0
DA:1135,0
DA:1136,0
DA:1137,0
DA:1138,0
DA:1139,0
DA:1142,0
DA:1153,2
DA:1155,1
DA:1156,0
DA:1158,1
DA:1159,1
DA:1166,0
DA:1167,0
DA:1173,1
DA:1175,1
DA:1178,1
DA:1181,1
DA:1182,0
DA:1184,1
DA:1190,1
DA:1195,2
DA:1196,1
DA:1197,0
DA:1204,0
DA:1206,1
DA:1209,1
DA:1219,0
DA:1228,1
DA:1229,11
DA:1245,6
DA:1246,6
DA:1247,0
DA:1248,0
DA:1250,6
DA:1254,1
DA:1255,3
DA:1264,1
DA:1271,0
DA:1272,0
DA:1274,0
DA:1275,0
DA:1276,0
DA:1278,0
DA:1279,0
DA:1280,0
DA:1281,0
DA:1282,0
DA:1283,0
DA:1284,0
DA:1285,0
DA:1287,0
DA:1291,0
DA:1297,1
DA:1306,0
DA:1307,0
DA:1309,0
DA:1310,0
DA:1311,0
DA:1312,0
DA:1313,0
DA:1315,1
DA:1320,1
DA:1321,14
DA:1330,0
DA:1331,0
DA:1336,0
DA:1337,0
DA:1343,0
DA:1344,0
DA:1356,2
DA:1357,2
DA:1358,0
DA:1360,0
DA:1361,0
DA:1362,0
DA:1363,0
DA:1364,0
DA:1365,0
DA:1366,0
DA:1367,0
DA:1368,0
DA:1371,0
DA:1372,0
DA:1373,0
DA:1374,0
DA:1375,0
DA:1379,0
DA:1380,0
DA:1386,0
DA:1393,2
DA:1394,2
DA:1395,0
DA:1396,0
DA:1397,0
DA:1398,0
DA:1400,0
DA:1401,0
DA:1402,0
DA:1403,0
DA:1407,0
DA:1408,0
DA:1420,2
DA:1421,2
DA:1422,0
DA:1423,0
DA:1424,0
DA:1425,0
DA:1432,0
DA:1433,0
DA:1450,2
DA:1451,0
DA:1454,2
DA:1455,0
DA:1458,2
DA:1459,2
DA:1460,2
DA:1461,2
DA:1462,2
DA:1463,0
DA:1465,2
DA:1466,0
DA:1467,0
DA:1470,2
DA:1472,2
DA:1473,15
DA:1475,2
DA:1476,7
DA:1477,7
DA:1481,22
DA:1482,22
DA:1484,2
DA:1499,0
DA:1502,0
DA:1504,0
DA:1505,0
DA:1506,0
DA:1507,0
DA:1508,0
DA:1510,0
DA:1511,0
DA:1512,0
DA:1517,0
DA:1528,0
DA:1529,0
DA:1530,0
DA:1532,0
DA:1533,0
DA:1534,0
DA:1535,0
DA:1536,0
DA:1539,0
DA:1540,0
DA:1541,0
DA:1546,0
DA:1547,0
DA:1550,0
DA:1551,0
DA:1552,0
DA:1553,0
DA:1555,0
DA:1560,0
DA:1562,0
DA:1570,0
DA:1571,0
DA:1573,0
DA:1575,0
DA:1576,0
DA:1585,0
DA:1589,0
DA:1593,0
DA:1608,0
DA:1609,0
DA:1613,0
DA:1615,0
DA:1616,0
DA:1618,0
DA:1619,0
DA:1620,0
DA:1621,0
DA:1622,0
DA:1623,0
DA:1625,0
DA:1626,0
DA:1627,0
DA:1628,0
DA:1631,0
DA:1632,0
DA:1638,0
DA:1640,0
DA:1641,0
DA:1642,0
DA:1643,0
DA:1651,1
DA:1655,0
DA:1656,0
DA:1657,0
DA:1658,0
DA:1660,0
DA:1661,0
DA:1663,0
DA:1664,0
DA:1665,0
DA:1666,0
DA:1668,0
DA:1670,0
DA:1682,0
DA:1683,0
DA:1687,0
DA:1691,0
DA:1692,0
DA:1694,0
DA:1695,0
DA:1696,0
DA:1699,0
DA:1705,0
DA:1706,0
DA:1707,0
DA:1708,0
DA:1709,0
DA:1710,0
DA:1711,0
DA:1712,0
DA:1713,0
DA:1715,0
DA:1721,0
DA:1725,0
DA:1726,0
DA:1727,0
DA:1729,0
DA:1732,0
DA:1736,0
DA:1737,0
DA:1740,0
DA:1741,0
DA:1750,1
DA:1751,1
DA:1754,0
DA:1755,0
DA:1756,0
DA:1757,0
DA:1758,0
DA:1772,1
DA:1779,1
DA:1783,1
DA:1788,1
DA:1789,1
DA:1790,1
DA:1791,1
DA:1792,0
DA:1824,0
DA:1825,0
DA:1826,0
DA:1827,0
DA:1828,0
DA:1834,0
DA:1835,0
DA:1836,0
DA:1837,0
DA:1839,0
DA:1841,0
DA:1842,0
DA:1845,0
DA:1846,0
DA:1847,0
DA:1848,0
DA:1850,0
DA:1854,0
DA:1855,0
DA:1856,0
DA:1866,1
DA:1867,0
DA:1869,0
DA:1890,1
DA:1891,0
DA:1898,0
DA:1899,0
DA:1910,0
DA:1912,0
DA:1913,0
DA:1914,0
DA:1916,0
DA:1917,0
DA:1918,0
DA:1920,0
DA:1921,0
DA:1927,0
DA:1929,0
DA:1930,0
DA:1931,0
DA:1932,0
DA:1934,0
DA:1938,0
DA:1940,0
DA:1941,0
DA:1943,0
DA:1947,0
DA:1948,0
DA:1950,0
DA:1951,0
DA:1954,0
DA:1956,0
DA:1963,1
DA:1971,0
DA:1972,0
DA:1977,0
DA:1978,0
DA:1979,0
DA:1981,0
DA:1982,0
DA:1983,0
DA:1984,0
DA:1986,0
DA:1988,0
DA:1989,0
DA:1990,0
DA:1992,0
DA:1993,0
DA:1994,0
DA:2000,1
DA:2001,0
DA:2002,0
DA:2003,0
DA:2004,0
DA:2005,0
DA:2006,0
DA:2007,0
DA:2017,0
DA:2019,0
DA:2020,0
DA:2021,0
DA:2022,0
DA:2023,0
DA:2027,0
DA:2030,0
DA:2031,0
DA:2042,0
DA:2043,0
DA:2044,0
DA:2045,0
DA:2047,0
DA:2052,0
DA:2053,0
DA:2054,0
DA:2056,0
DA:2057,0
DA:2058,0
DA:2059,0
DA:2062,0
DA:2063,0
DA:2064,0
DA:2065,0
DA:2073,0
DA:2074,0
DA:2077,0
DA:2080,0
DA:2083,0
DA:2086,0
DA:2088,0
DA:2091,0
DA:2097,0
DA:2101,0
DA:2102,0
DA:2115,0
DA:2116,0
DA:2117,0
DA:2119,0
DA:2120,0
DA:2121,0
DA:2122,0
DA:2123,0
DA:2124,0
DA:2125,0
DA:2126,0
DA:2127,0
DA:2131,0
DA:2141,0
DA:2145,0
DA:2155,0
DA:2156,0
DA:2157,0
DA:2158,0
DA:2159,0
DA:2161,0
DA:2162,0
DA:2163,0
DA:2164,0
DA:2165,0
DA:2167,0
DA:2170,0
DA:2188,0
DA:2189,0
DA:2190,0
DA:2193,0
DA:2201,0
DA:2209,0
DA:2213,0
DA:2215,0
DA:2216,0
DA:2217,0
DA:2218,0
DA:2219,0
DA:2221,0
DA:2222,0
DA:2223,0
DA:2225,0
DA:2226,0
DA:2227,0
DA:2229,0
DA:2231,0
DA:2232,0
DA:2236,0
DA:2237,0
DA:2239,0
DA:2242,0
DA:2244,0
DA:2247,0
DA:2251,0
DA:2253,0
DA:2257,0
DA:2263,0
DA:2267,0
DA:2269,0
DA:2281,0
DA:2282,0
DA:2283,0
DA:2284,0
DA:2292,0
DA:2293,0
DA:2296,0
DA:2297,0
DA:2300,0
DA:2301,0
DA:2304,0
DA:2306,0
DA:2308,0
DA:2309,0
DA:2311,0
DA:2312,0
DA:2313,0
DA:2317,0
DA:2319,0
DA:2322,0
DA:2323,0
DA:2327,0
DA:2328,0
DA:2332,0
DA:2333,0
DA:2334,0
DA:2338,0
DA:2340,0
DA:2341,0
DA:2343,0
DA:2344,0
DA:2346,0
DA:2347,0
DA:2349,0
DA:2350,0
DA:2353,0
DA:2354,0
DA:2355,0
DA:2356,0
DA:2358,0
DA:2359,0
DA:2360,0
DA:2361,0
DA:2367,0
DA:2368,0
DA:2369,0
DA:2370,0
DA:2381,0
DA:2383,0
DA:2392,0
DA:2398,0
DA:2399,0
DA:2400,0
DA:2401,0
DA:2402,0
DA:2413,1
DA:2414,1
DA:2416,1
DA:2417,1
DA:2418,0
DA:2425,0
DA:2426,0
DA:2428,0
DA:2433,0
DA:2441,0
DA:2442,0
DA:2443,0
DA:2447,1
DA:2448,1
DA:2449,0
DA:2451,0
DA:2452,0
DA:2453,0
DA:2454,0
DA:2457,0
DA:2460,0
DA:2461,0
DA:2464,0
DA:2467,1
DA:2468,0
DA:2470,0
DA:2471,0
DA:2473,0
DA:2474,0
DA:2475,0
DA:2478,1
DA:2479,0
DA:2481,0
DA:2483,0
DA:2484,0
DA:2485,0
DA:2488,0
DA:2489,0
DA:2490,0
DA:2492,0
DA:2495,0
DA:2496,0
DA:2497,0
DA:2499,0
DA:2500,0
DA:2501,0
DA:2503,0
DA:2506,0
DA:2507,0
DA:2508,0
DA:2509,0
DA:2510,0
DA:2511,0
DA:2515,0
DA:2518,1
DA:2519,0
DA:2520,0
DA:2521,0
DA:2522,0
DA:2523,0
DA:2532,0
DA:2533,0
DA:2534,0
DA:2535,0
DA:2536,0
DA:2537,0
DA:2538,0
DA:2540,0
DA:2544,0
DA:2559,1
DA:2560,1
DA:2561,1
DA:2563,0
DA:2564,0
DA:2565,0
DA:2567,0
DA:2568,0
DA:2572,0
DA:2575,0
DA:2576,0
DA:2577,0
DA:2578,0
DA:2580,0
DA:2583,0
DA:2587,0
DA:2588,0
DA:2589,0
DA:2592,0
DA:2596,0
DA:2603,0
DA:2604,0
DA:2605,0
DA:2606,0
DA:2608,0
DA:2611,0
DA:2616,1
DA:2617,1
DA:2620,1
DA:2623,1
DA:2624,1
DA:2625,0
DA:2626,0
DA:2628,0
DA:2631,1
DA:2632,1
DA:2634,1
DA:2635,1
DA:2637,1
DA:2638,1
DA:2639,1
DA:2640,1
DA:2641,1
DA:2642,1
DA:2646,1
DA:2647,1
DA:2648,1
DA:2649,0
DA:2651,1
DA:2652,1
DA:2653,1
DA:2654,1
DA:2655,1
DA:2658,1
DA:2660,1
DA:2667,1
DA:2670,0
DA:2672,1
DA:2674,1
DA:2675,0
DA:2677,1
DA:2678,1
DA:2681,1
DA:2682,0
DA:2688,1
DA:2689,0
DA:2690,0
DA:2691,0
DA:2695,1
DA:2696,0
DA:2697,0
DA:2698,0
DA:2700,0
DA:2701,0
DA:2703,0
DA:2704,0
DA:2705,0
DA:2708,0
DA:2709,0
DA:2711,0
DA:2712,0
DA:2713,0
DA:2717,0
DA:2718,0
DA:2721,0
DA:2723,0
DA:2725,0
DA:2727,0
DA:2729,0
DA:2730,0
DA:2733,0
DA:2734,0
DA:2744,1
DA:2745,1
DA:2746,0
DA:2747,0
DA:2749,0
DA:2758,0
DA:2765,1
DA:2769,1
DA:2787,1
DA:2788,1
DA:2795,1
DA:2796,1
DA:2800,1
DA:2801,1
DA:2802,1
DA:2804,1
DA:2814,0
DA:2815,0
DA:2820,0
DA:2827,0
DA:2828,0
DA:2830,0
DA:2831,0
DA:2833,0
DA:2838,0
DA:2839,0
DA:2842,0
DA:2843,0
DA:2844,0
DA:2845,0
DA:2846,0
DA:2847,0
DA:2848,0
DA:2849,0
DA:2851,0
DA:2853,0
DA:2857,0
DA:2858,0
DA:2859,0
DA:2860,0
DA:2863,0
DA:2864,0
DA:2865,0
DA:2868,0
DA:2869,0
DA:2874,0
DA:2875,0
DA:2877,0
DA:2881,0
DA:2882,0
DA:2883,0
DA:2884,0
DA:2886,0
DA:2887,0
DA:2889,0
DA:2890,0
DA:2891,0
DA:2892,0
DA:2894,0
DA:2899,0
DA:2900,0
DA:2901,0
DA:2902,0
DA:2905,0
DA:2906,0
DA:2907,0
DA:2908,0
DA:2910,0
DA:2916,4
DA:2917,4
DA:2918,4
DA:2919,0
DA:2920,0
DA:2921,0
DA:2923,0
DA:2927,4
DA:2928,0
DA:2930,4
DA:2936,1
DA:2938,1
DA:2939,1
DA:2940,1
DA:2941,1
DA:2942,1
DA:2943,1
DA:2944,1
DA:2950,0
DA:2951,0
DA:2952,0
DA:2953,0
DA:2955,0
DA:2962,0
DA:2973,0
DA:2977,0
DA:2978,0
DA:2979,0
DA:2980,0
DA:2981,0
DA:2983,0
DA:2984,0
DA:2985,0
DA:2986,0
DA:2994,0
DA:3000,0
DA:3001,0
DA:3003,0
DA:3006,0
DA:3007,0
DA:3011,0
DA:3017,0
DA:3018,0
DA:3019,0
DA:3020,0
DA:3021,0
DA:3022,0
DA:3034,0
DA:3035,0
DA:3039,0
DA:3040,0
DA:3041,0
DA:3051,0
DA:3052,0
DA:3053,0
DA:3054,0
DA:3055,0
DA:3059,0
DA:3060,0
DA:3061,0
DA:3063,0
DA:3066,0
DA:3067,0
DA:3068,0
DA:3075,1
DA:3082,1
DA:3089,1
DA:3090,1
DA:3091,1
DA:3093,1
DA:3095,1
DA:3096,0
DA:3097,0
DA:3098,0
DA:3099,0
DA:3101,1
DA:3103,1
DA:3104,1
DA:3105,1
DA:3106,1
DA:3107,1
DA:3108,1
DA:3109,1
DA:3110,1
DA:3111,1
DA:3115,1
DA:3116,1
DA:3118,0
DA:3119,0
DA:3120,0
DA:3121,0
DA:3129,1
DA:3137,1
DA:3138,1
DA:3140,1
DA:3141,1
DA:3142,1
DA:3144,0
DA:3145,0
DA:3147,0
DA:3152,1
DA:3153,0
DA:3155,1
DA:3156,1
DA:3158,1
DA:3164,1
DA:3165,1
DA:3166,1
DA:3167,1
DA:3168,1
DA:3169,1
DA:3170,1
DA:3178,1
DA:3179,1
DA:3181,1
DA:3182,1
DA:3183,0
DA:3184,0
DA:3185,0
DA:3188,1
DA:3189,1
DA:3190,1
DA:3191,1
DA:3192,1
DA:3193,1
DA:3194,1
DA:3195,1
DA:3202,1
DA:3204,0
DA:3205,0
DA:3217,1
DA:3218,0
DA:3219,0
DA:3220,0
DA:3229,0
DA:3230,0
DA:3231,0
DA:3232,0
DA:3233,0
DA:3235,0
DA:3238,0
DA:3248,1
DA:3249,0
DA:3250,0
DA:3256,1
DA:3257,0
DA:3259,0
DA:3260,0
DA:3261,0
DA:3268,1
DA:3269,0
DA:3271,0
DA:3275,0
DA:3276,0
DA:3278,0
DA:3279,0
DA:3280,0
DA:3282,0
DA:3288,1
DA:3296,1
DA:3297,1
DA:3299,1
DA:3300,0
DA:3302,1
DA:3306,1
DA:3307,1
DA:3308,1
DA:3309,1
DA:3310,1
DA:3311,1
DA:3313,0
DA:3315,1
DA:3316,1
DA:3317,0
DA:3322,0
DA:3323,0
DA:3326,0
DA:3327,0
DA:3329,0
DA:3330,0
DA:3332,0
DA:3333,0
DA:3334,0
DA:3336,0
DA:3337,0
DA:3338,0
DA:3340,0
DA:3345,0
DA:3346,0
DA:3347,0
DA:3362,0
DA:3363,0
DA:3367,0
DA:3368,0
DA:3372,1
DA:3373,1
DA:3376,1
DA:3377,0
DA:3378,0
DA:3385,1
DA:3386,1
DA:3387,1
DA:3388,1
DA:3389,1
DA:3390,1
DA:3391,1
DA:3392,0
DA:3393,0
DA:3399,1
DA:3400,0
DA:3405,1
DA:3406,1
DA:3410,1
DA:3415,1
DA:3416,1
DA:3417,1
DA:3419,0
DA:3420,0
DA:3422,1
DA:3426,1
DA:3430,0
DA:3432,0
DA:3434,0
DA:3435,0
DA:3436,0
DA:3437,0
DA:3438,0
DA:3444,0
DA:3446,0
DA:3457,0
DA:3458,0
DA:3459,0
DA:3460,0
DA:3461,0
DA:3462,0
DA:3463,0
DA:3474,0
DA:3475,0
DA:3476,0
DA:3479,0
DA:3481,0
DA:3486,0
DA:3490,0
DA:3492,0
DA:3493,0
DA:3499,0
DA:3503,0
DA:3504,0
DA:3505,0
DA:3506,0
DA:3507,0
DA:3509,0
DA:3510,0
DA:3512,0
DA:3518,0
DA:3519,0
DA:3520,0
DA:3521,0
DA:3522,0
DA:3528,0
DA:3529,0
DA:3534,0
DA:3535,0
DA:3541,0
DA:3546,0
DA:3547,0
DA:3548,0
DA:3549,0
DA:3550,0
DA:3553,0
DA:3564,0
DA:3565,0
DA:3566,0
DA:3568,0
DA:3569,0
DA:3571,0
DA:3578,1
DA:3579,1
DA:3580,1
DA:3581,1
DA:3582,1
DA:3583,0
DA:3584,0
DA:3590,0
DA:3591,0
DA:3594,1
DA:3595,1
DA:3597,1
DA:3598,1
DA:3600,1
DA:3605,0
DA:3606,0
DA:3607,0
DA:3609,0
DA:3610,0
DA:3611,0
DA:3612,0
DA:3613,0
DA:3615,0
DA:3616,0
DA:3624,1
DA:3625,1
DA:3626,0
DA:3633,1
DA:3634,1
DA:3635,0
DA:3636,0
DA:3638,0
DA:3639,0
DA:3640,0
DA:3651,0
DA:3656,1
DA:3658,0
DA:3659,0
DA:3666,0
DA:3667,0
DA:3668,0
DA:3669,0
DA:3670,0
DA:3671,0
DA:3672,0
DA:3673,0
DA:3675,0
DA:3677,0
DA:3678,0
DA:3679,0
DA:3680,0
DA:3683,0
DA:3684,0
DA:3688,0
DA:3702,0
DA:3703,0
DA:3704,0
DA:3705,0
DA:3707,0
DA:3708,0
DA:3709,0
DA:3710,0
DA:3712,0
DA:3713,0
DA:3714,0
DA:3715,0
DA:3716,0
DA:3717,0
DA:3720,0
DA:3721,0
DA:3723,0
DA:3737,0
DA:3739,0
DA:3740,0
DA:3741,0
DA:3742,0
DA:3743,0
DA:3748,0
DA:3750,0
DA:3752,0
DA:3754,0
DA:3755,0
DA:3756,0
DA:3762,0
DA:3764,0
DA:3767,0
DA:3768,0
DA:3769,0
DA:3771,0
DA:3781,0
DA:3787,0
DA:3788,0
DA:3790,0
DA:3806,0
DA:3807,0
DA:3808,0
DA:3809,0
DA:3810,0
DA:3811,0
DA:3812,0
DA:3828,0
DA:3829,0
DA:3830,0
DA:3835,0
DA:3836,0
DA:3839,0
DA:3840,0
DA:3845,0
DA:3847,0
DA:3848,0
DA:3852,0
DA:3853,0
DA:3855,0
DA:3856,0
DA:3857,0
DA:3858,0
DA:3864,0
DA:3867,0
DA:3879,0
DA:3880,0
DA:3883,0
DA:3884,0
DA:3887,0
DA:3892,0
DA:3893,0
DA:3905,0
DA:3906,0
DA:3914,0
DA:3915,0
DA:3916,0
DA:3917,0
DA:3921,0
DA:3926,0
DA:3927,0
DA:3928,0
DA:3934,0
DA:3935,0
DA:3936,0
DA:3941,0
DA:3942,0
DA:3943,0
DA:3944,0
DA:3945,0
DA:3949,0
DA:3955,2
DA:3956,2
DA:3957,2
DA:3958,2
DA:3959,2
DA:3960,2
DA:3961,2
DA:3962,2
DA:3963,2
DA:3964,2
DA:3965,2
DA:3966,2
DA:3967,2
DA:3968,2
DA:3969,2
DA:3981,0
DA:3985,0
DA:3986,0
DA:3988,0
DA:3993,0
DA:3995,0
DA:3997,0
DA:3998,0
DA:4000,0
DA:4001,0
DA:4002,0
DA:4003,0
DA:4004,0
DA:4005,0
DA:4006,0
DA:4009,0
DA:4011,0
DA:4013,0
DA:4014,0
DA:4017,0
DA:4018,0
DA:4019,0
DA:4020,0
DA:4021,0
DA:4022,0
DA:4024,0
DA:4027,0
DA:4031,1
DA:4040,0
DA:4041,0
DA:4042,0
DA:4043,0
DA:4044,0
DA:4045,0
DA:4048,0
DA:4049,0
DA:4052,0
DA:4060,0
DA:4062,0
DA:4063,0
DA:4064,0
DA:4065,0
DA:4066,0
DA:4067,0
DA:4068,0
DA:4070,0
DA:4078,0
DA:4079,0
DA:4080,0
DA:4081,0
DA:4082,0
DA:4084,0
DA:4088,0
DA:4089,0
DA:4115,1
DA:4122,0
DA:4128,0
DA:4129,0
DA:4131,0
DA:4137,0
DA:4142,0
DA:4143,0
DA:4144,0
DA:4154,0
DA:4155,0
DA:4156,0
DA:4157,0
DA:4158,0
DA:4160,0
DA:4161,0
DA:4167,0
DA:4169,0
DA:4175,0
DA:4176,0
DA:4177,0
DA:4178,0
DA:4180,0
DA:4186,1
DA:4195,0
DA:4196,0
DA:4199,0
DA:4202,0
DA:4203,0
DA:4208,0
DA:4209,0
DA:4210,0
DA:4212,0
DA:4217,0
DA:4218,0
DA:4219,0
DA:4220,0
DA:4224,0
DA:4234,0
DA:4238,0
DA:4241,0
DA:4242,0
DA:4246,0
DA:4249,0
DA:4250,0
DA:4255,0
DA:4258,0
DA:4260,0
DA:4265,0
DA:4266,0
DA:4267,0
DA:4268,0
DA:4273,0
DA:4276,0
DA:4277,0
DA:4288,0
DA:4297,0
DA:4305,0
DA:4306,0
DA:4307,0
DA:4308,0
DA:4310,0
DA:4314,0
DA:4315,0
DA:4316,0
DA:4317,0
DA:4324,0
DA:4325,0
DA:4326,0
DA:4327,0
DA:4328,0
DA:4330,0
DA:4336,1
DA:4337,1
DA:4349,2
DA:4350,1
DA:4351,1
DA:4352,1
DA:4354,2
DA:4355,0
DA:4357,2
DA:4367,2
DA:4368,0
DA:4373,0
DA:4376,2
DA:4377,0
DA:4379,2
DA:4381,0
DA:4384,2
DA:4388,0
DA:4396,2
DA:4399,0
DA:4400,0
DA:4401,0
DA:4403,2
DA:4404,0
DA:4405,2
DA:4406,0
DA:4409,2
DA:4411,2
DA:4412,2
DA:4414,2
DA:4418,0
DA:4420,0
DA:4425,0
DA:4432,0
DA:4434,2
DA:4435,0
DA:4436,2
DA:4437,2
DA:4438,2
DA:4439,2
DA:4441,0
DA:4446,0
DA:4447,0
DA:4449,0
DA:4450,0
DA:4452,0
DA:4453,0
DA:4454,0
DA:4455,0
DA:4457,0
DA:4467,1
DA:4468,0
DA:4470,1
DA:4471,0
DA:4478,1
DA:4479,1
DA:4480,1
DA:4481,1
DA:4482,1
DA:4483,1
DA:4484,1
DA:4489,2
DA:4492,1
DA:4496,1
DA:4499,1
DA:4500,0
DA:4501,0
DA:4503,0
DA:4504,0
DA:4514,1
DA:4516,1
DA:4517,0
DA:4520,1
DA:4521,1
DA:4522,1
DA:4523,1
DA:4524,1
DA:4527,1
DA:4528,0
DA:4530,0
DA:4534,1
DA:4535,0
DA:4540,1
DA:4543,1
DA:4544,1
DA:4546,0
DA:4550,0
DA:4551,0
DA:4552,0
DA:4553,0
DA:4555,0
DA:4556,0
DA:4559,0
DA:4566,1
DA:4567,0
DA:4568,0
DA:4574,0
DA:4577,1
DA:4578,1
DA:4584,1
DA:4587,1
DA:4588,1
DA:4590,1
DA:4594,1
DA:4601,1
DA:4603,1
DA:4607,0
DA:4609,1
DA:4616,1
DA:4617,0
DA:4622,1
DA:4623,1
DA:4624,1
DA:4625,1
DA:4626,1
DA:4627,1
DA:4628,1
DA:4629,1
DA:4630,1
DA:4633,1
DA:4639,1
DA:4640,0
DA:4646,0
DA:4648,0
DA:4649,0
DA:4650,0
DA:4651,0
DA:4652,0
DA:4654,0
DA:4655,0
DA:4656,0
DA:4657,0
DA:4658,0
DA:4660,0
DA:4661,0
DA:4662,0
DA:4667,2
DA:4668,2
DA:4669,1
DA:4670,1
DA:4671,1
DA:4674,0
DA:4676,0
DA:4678,0
DA:4679,0
DA:4681,0
DA:4682,0
DA:4683,0
DA:4687,2
DA:4692,0
DA:4693,0
DA:4694,0
DA:4695,0
DA:4696,0
DA:4697,0
DA:4698,0
DA:4701,0
DA:4707,0
DA:4708,0
DA:4709,0
DA:4710,0
DA:4711,0
DA:4713,0
DA:4714,0
DA:4717,0
DA:4719,0
DA:4724,0
DA:4727,0
DA:4729,0
DA:4732,1
DA:4733,1
DA:4734,1
DA:4735,1
DA:4736,1
DA:4741,1
DA:4742,0
DA:4743,0
DA:4744,0
DA:4748,0
DA:4749,0
DA:4750,0
DA:4751,0
DA:4752,0
DA:4753,0
DA:4755,0
DA:4756,0
DA:4763,1
DA:4764,0
DA:4765,0
DA:4777,1
DA:4778,1
DA:4783,1
DA:4784,1
DA:4785,1
DA:4786,1
DA:4787,1
DA:4788,1
DA:4789,0
DA:4792,1
DA:4793,1
DA:4794,0
DA:4797,1
DA:4798,1
DA:4800,1
DA:4801,1
DA:4802,1
DA:4803,1
DA:4807,1
DA:4812,1
DA:4813,0
DA:4815,1
DA:4816,0
DA:4820,1
DA:4821,1
DA:4822,1
DA:4826,1
DA:4827,3
DA:4830,1
DA:4831,1
DA:4837,1
DA:4838,1
DA:4839,1
DA:4842,1
DA:4843,1
DA:4848,0
DA:4849,0
DA:4850,0
DA:4855,0
DA:4856,0
DA:4857,0
DA:4867,1
DA:4868,3
DA:4872,0
DA:4873,0
DA:4876,0
DA:4879,0
DA:4880,0
DA:4881,0
DA:4883,0
DA:4884,0
DA:4886,0
DA:4887,0
DA:4896,0
DA:4900,0
DA:4901,0
DA:4902,0
DA:4903,0
DA:4904,0
DA:4905,0
DA:4912,0
DA:4913,0
DA:4914,0
DA:4915,0
DA:4916,0
DA:4917,0
DA:4918,0
DA:4919,0
DA:4920,0
DA:4932,0
DA:4933,0
DA:4934,0
DA:4936,0
DA:4937,0
DA:4940,1
DA:4942,1
DA:4953,0
DA:4954,0
DA:4958,0
DA:4960,0
DA:4961,0
DA:4966,0
DA:4968,0
DA:4969,0
DA:4971,0
DA:4972,0
DA:4977,0
DA:4978,0
DA:4979,0
DA:4980,0
DA:4982,0
DA:4983,0
DA:4984,0
DA:4985,0
DA:4986,0
DA:4992,0
DA:4995,0
DA:4996,0
DA:4997,0
DA:4998,0
DA:5003,0
DA:5004,0
DA:5006,0
DA:5007,0
DA:5009,0
DA:5010,0
DA:5012,0
DA:5013,0
DA:5017,0
DA:5019,0
DA:5023,1
DA:5031,1
DA:5032,6
DA:5033,1
DA:5034,0
DA:5035,0
DA:5040,1
DA:5045,1
DA:5052,1
DA:5053,1
DA:5054,1
DA:5056,1
DA:5057,1
DA:5058,3
DA:5063,1
DA:5065,1
DA:5067,1
DA:5068,1
DA:5069,1
DA:5070,1
DA:5073,1
DA:5075,1
DA:5079,1
DA:5087,1
DA:5091,1
DA:5097,1
DA:5100,1
DA:5101,1
DA:5102,0
DA:5110,1
DA:5112,1
DA:5121,1
DA:5123,1
DA:5124,0
DA:5127,1
DA:5128,0
DA:5131,1
DA:5132,0
DA:5138,1
DA:5139,1
DA:5140,1
DA:5141,1
DA:5142,0
DA:5143,0
DA:5144,0
DA:5147,1
DA:5148,0
DA:5149,0
DA:5152,1
DA:5156,0
DA:5168,1
DA:5169,1
DA:5176,1
DA:5180,1
DA:5181,0
DA:5183,1
DA:5184,0
DA:5186,1
DA:5187,0
DA:5194,0
DA:5196,0
DA:5197,0
DA:5198,0
DA:5199,0
DA:5202,0
DA:5206,0
DA:5207,0
DA:5208,0
DA:5209,0
DA:5210,0
DA:5213,0
DA:5218,1
DA:5223,1
DA:5239,1
DA:5246,1
DA:5248,1
DA:5249,2
DA:5253,2
DA:5254,0
DA:5258,2
DA:5259,0
DA:5263,1
DA:5266,0
DA:5269,0
DA:5270,0
DA:5272,0
DA:5274,0
DA:5277,0
DA:5278,0
DA:5280,0
DA:5285,0
DA:5289,1
DA:5297,0
DA:5298,0
DA:5299,0
DA:5300,0
DA:5303,0
DA:5305,0
DA:5307,0
DA:5314,2
DA:5315,2
DA:5316,2
DA:5319,0
DA:5320,0
DA:5322,0
DA:5326,0
DA:5330,1
DA:5334,0
DA:5338,0
DA:5342,0
DA:5346,2
DA:5350,0
DA:5354,0
DA:5358,0
DA:5362,0
DA:5366,0
DA:5370,1
DA:5387,1
DA:5389,1
DA:5392,0
DA:5393,0
DA:5394,0
DA:5398,0
DA:5403,1
DA:5404,1
DA:5406,0
DA:5407,0
DA:5408,0
DA:5409,0
DA:5410,0
DA:5411,0
DA:5412,0
DA:5413,0
DA:5416,0
DA:5417,0
DA:5418,0
DA:5419,0
DA:5421,0
DA:5424,0
DA:5441,1
DA:5443,1
DA:5446,0
DA:5463,0
DA:5465,0
DA:5466,0
DA:5467,0
DA:5472,0
DA:5473,0
DA:5474,0
DA:5475,0
DA:5477,0
DA:5482,1
DA:5484,1
DA:5485,1
DA:5487,1
DA:5488,5
DA:5489,5
DA:5490,40
DA:5491,19
DA:5497,0
DA:5502,0
DA:5503,0
DA:5506,0
DA:5507,0
DA:5511,0
DA:5513,0
DA:5514,0
DA:5519,0
DA:5525,0
DA:5534,1
DA:5545,3
DA:5551,0
DA:5554,3
DA:5555,3
DA:5556,0
DA:5559,3
DA:5560,3
DA:5561,3
DA:5562,3
DA:5563,2
DA:5564,0
DA:5565,0
DA:5567,0
DA:5568,0
DA:5577,2
DA:5580,2
DA:5584,2
DA:5585,2
DA:5586,1
DA:5588,2
DA:5591,2
DA:5592,0
DA:5594,1
DA:5595,0
DA:5596,0
DA:5598,1
DA:5599,1
DA:5604,3
DA:5605,3
DA:5606,1
DA:5607,1
DA:5608,0
DA:5614,1
DA:5615,0
DA:5616,0
DA:5617,0
DA:5619,0
DA:5625,0
DA:5626,0
DA:5627,0
DA:5629,0
DA:5630,0
DA:5631,0
DA:5632,0
DA:5636,0
DA:5638,0
DA:5648,0
DA:5649,0
DA:5650,0
DA:5651,0
DA:5652,0
DA:5653,0
DA:5655,0
DA:5656,0
DA:5661,0
DA:5665,3
DA:5666,2
DA:5667,0
DA:5668,0
DA:5671,2
DA:5677,2
DA:5678,2
DA:5679,0
DA:5681,2
DA:5682,2
DA:5684,0
DA:5685,0
DA:5690,0
DA:5691,0
DA:5693,0
DA:5697,1
DA:5698,8
DA:5700,1
DA:5701,1
DA:5702,0
DA:5703,0
DA:5712,2
DA:5713,0
DA:5715,2
DA:5716,2
DA:5717,2
DA:5718,0
DA:5720,2
DA:5724,2
DA:5729,0
DA:5734,0
DA:5735,0
DA:5741,0
DA:5742,0
DA:5743,0
DA:5744,0
DA:5746,0
DA:5747,0
DA:5748,0
DA:5754,0
DA:5755,0
DA:5756,0
DA:5757,0
DA:5758,0
DA:5759,0
DA:5761,0
DA:5768,0
DA:5770,0
DA:5771,0
DA:5774,0
DA:5777,0
DA:5780,0
DA:5781,0
DA:5783,0
DA:5784,0
DA:5786,0
DA:5787,0
DA:5789,0
DA:5792,0
DA:5797,0
DA:5798,0
DA:5799,0
DA:5800,0
DA:5801,0
DA:5802,0
DA:5803,0
DA:5804,0
DA:5810,0
DA:5812,0
DA:5813,0
DA:5816,0
DA:5817,0
DA:5818,0
DA:5819,0
DA:5820,0
DA:5821,0
DA:5822,0
DA:5823,0
DA:5824,0
DA:5825,0
DA:5826,0
DA:5827,0
DA:5828,0
DA:5829,0
DA:5830,0
DA:5831,0
DA:5832,0
DA:5833,0
DA:5834,0
DA:5835,0
DA:5836,0
DA:5837,0
DA:5838,0
DA:5840,0
DA:5841,0
DA:5844,0
DA:5845,0
DA:5847,0
DA:5848,0
DA:5849,0
DA:5850,0
DA:5851,0
DA:5854,0
DA:5857,0
DA:5860,0
DA:5861,0
DA:5862,0
DA:5863,0
DA:5864,0
DA:5869,0
DA:5870,0
DA:5871,0
DA:5872,0
DA:5873,0
DA:5874,0
DA:5875,0
DA:5880,0
DA:5887,0
DA:5888,0
DA:5889,0
DA:5894,0
DA:5895,0
DA:5898,0
DA:5900,0
DA:5901,0
DA:5902,0
DA:5904,0
DA:5906,0
DA:5913,0
DA:5918,0
DA:5919,0
DA:5923,0
DA:5924,0
DA:5925,0
DA:5928,0
DA:5929,0
DA:5930,0
DA:5931,0
DA:5932,0
DA:5934,0
DA:5935,0
DA:5936,0
DA:5937,0
DA:5938,0
DA:5939,0
DA:5940,0
DA:5941,0
DA:5942,0
DA:5943,0
DA:5945,0
DA:5946,0
DA:5948,0
DA:5949,0
DA:5956,1
DA:5957,0
DA:5959,1
DA:5960,0
DA:5965,1
DA:5970,1
DA:5975,0
DA:5976,0
DA:5977,0
DA:5978,0
DA:5979,0
DA:5981,0
DA:5982,0
DA:5983,0
DA:5986,0
DA:5987,0
DA:5988,0
DA:5991,0
DA:5992,0
DA:5993,0
DA:5995,0
DA:5996,0
DA:5999,0
DA:6000,0
DA:6002,0
DA:6003,0
DA:6006,0
DA:6007,0
DA:6009,0
DA:6018,0
DA:6022,0
DA:6023,0
DA:6024,0
DA:6025,0
DA:6026,0
DA:6027,0
DA:6029,0
DA:6033,0
DA:6035,0
DA:6043,0
DA:6048,0
DA:6049,0
DA:6050,0
DA:6051,0
DA:6052,0
DA:6053,0
DA:6054,0
DA:6057,0
DA:6059,0
DA:6062,0
DA:6063,0
DA:6065,0
DA:6069,0
DA:6070,0
DA:6075,0
DA:6079,1
DA:6080,1
DA:6081,0
DA:6082,0
DA:6085,1
DA:6086,1
DA:6088,1
DA:6090,1
DA:6091,1
DA:6093,0
DA:6094,0
DA:6096,0
DA:6098,0
DA:6102,0
DA:6103,0
DA:6104,0
DA:6106,0
DA:6107,0
DA:6108,0
DA:6109,0
DA:6110,0
DA:6111,0
DA:6122,0
DA:6126,0
DA:6127,0
DA:6130,0
DA:6141,0
DA:6142,0
DA:6143,0
DA:6144,0
DA:6145,0
DA:6146,0
DA:6148,0
DA:6149,0
DA:6150,0
DA:6151,0
DA:6156,0
DA:6157,0
DA:6159,0
DA:6160,0
DA:6164,0
DA:6166,0
DA:6171,0
DA:6172,0
DA:6173,0
DA:6174,0
DA:6179,1
DA:6180,1
DA:6186,1
DA:6190,0
DA:6195,1
DA:6196,0
DA:6201,0
DA:6202,0
DA:6203,0
DA:6204,0
DA:6206,0
DA:6207,0
DA:6210,0
DA:6211,0
DA:6212,0
DA:6213,0
DA:6215,0
DA:6216,0
DA:6217,0
DA:6221,0
DA:6222,0
DA:6223,0
DA:6224,0
DA:6229,0
DA:6230,0
DA:6231,0
DA:6232,0
DA:6235,0
DA:6236,0
DA:6238,0
DA:6242,0
DA:6243,0
DA:6244,0
DA:6245,0
DA:6250,0
DA:6251,0
DA:6252,0
DA:6254,0
DA:6260,1
DA:6266,0
DA:6267,0
DA:6269,0
DA:6272,0
DA:6273,0
DA:6274,0
DA:6276,0
DA:6278,0
DA:6279,0
DA:6282,0
DA:6286,0
DA:6290,0
DA:6291,0
DA:6292,0
DA:6293,0
DA:6295,0
DA:6300,1
DA:6308,1
DA:6309,1
DA:6310,0
DA:6312,1
DA:6313,1
DA:6316,0
DA:6317,0
DA:6318,0
DA:6320,0
DA:6321,0
DA:6324,0
DA:6325,0
DA:6326,0
DA:6327,0
DA:6328,0
DA:6334,0
DA:6337,0
DA:6338,0
DA:6339,0
DA:6340,0
DA:6341,0
DA:6342,0
DA:6349,0
DA:6350,0
DA:6351,0
DA:6354,0
DA:6355,0
DA:6359,0
DA:6362,0
DA:6364,0
DA:6365,0
DA:6366,0
DA:6367,0
DA:6368,0
DA:6370,0
DA:6373,0
DA:6378,0
DA:6379,0
DA:6385,0
DA:6398,0
DA:6402,1
DA:6410,1
DA:6411,1
DA:6412,1
DA:6413,1
DA:6422,0
DA:6425,1
DA:6428,1
DA:6429,1
DA:6430,0
DA:6434,1
DA:6435,1
DA:6436,1
DA:6440,1
DA:6447,1
DA:6450,0
DA:6451,0
DA:6452,0
DA:6453,0
DA:6454,0
DA:6455,0
DA:6456,0
DA:6457,0
DA:6460,0
DA:6461,0
DA:6462,0
DA:6463,0
DA:6464,0
DA:6465,0
DA:6466,0
DA:6467,0
DA:6468,0
DA:6469,0
DA:6470,0
DA:6471,0
DA:6477,0
DA:6479,0
DA:6480,0
DA:6482,0
DA:6485,0
DA:6486,0
DA:6487,0
DA:6488,0
DA:6489,0
DA:6490,0
DA:6491,0
DA:6492,0
DA:6493,0
DA:6494,0
DA:6496,0
DA:6497,0
DA:6498,0
DA:6500,0
DA:6501,0
DA:6502,0
DA:6504,0
DA:6505,0
DA:6511,0
DA:6512,0
DA:6513,0
DA:6514,0
DA:6518,0
DA:6519,0
DA:6522,0
DA:6523,0
DA:6524,0
DA:6528,0
DA:6532,0
DA:6533,0
DA:6535,0
DA:6537,0
DA:6538,0
DA:6539,0
DA:6546,0
DA:6553,0
DA:6554,0
DA:6559,0
DA:6560,0
DA:6564,0
DA:6565,0
DA:6570,0
DA:6571,0
DA:6582,0
DA:6583,0
DA:6594,0
DA:6597,0
DA:6608,0
DA:6609,0
DA:6610,0
DA:6612,0
DA:6613,0
DA:6614,0
DA:6617,0
DA:6625,0
DA:6626,0
DA:6627,0
DA:6628,0
DA:6629,0
DA:6630,0
DA:6635,0
DA:6636,0
DA:6637,0
DA:6639,0
DA:6642,0
DA:6645,0
DA:6646,0
DA:6649,0
DA:6651,0
DA:6653,0
DA:6654,0
DA:6656,0
DA:6659,0
DA:6668,0
DA:6670,0
DA:6671,0
DA:6672,0
DA:6673,0
DA:6674,0
DA:6675,0
DA:6690,0
DA:6691,0
DA:6692,0
DA:6693,0
DA:6694,0
DA:6695,0
DA:6699,0
DA:6700,0
DA:6702,0
DA:6715,0
DA:6716,0
DA:6717,0
DA:6719,0
DA:6720,0
DA:6721,0
DA:6722,0
DA:6727,0
DA:6728,0
DA:6730,0
DA:6732,0
DA:6746,0
DA:6747,0
DA:6748,0
DA:6750,0
DA:6781,0
DA:6782,0
DA:6784,0
DA:6785,0
DA:6786,0
DA:6787,0
DA:6792,0
DA:6799,0
DA:6800,0
DA:6802,0
DA:6803,0
DA:6805,0
DA:6807,0
DA:6808,0
DA:6812,0
DA:6819,0
DA:6823,0
DA:6827,0
DA:6831,0
DA:6832,0
DA:6833,0
DA:6834,0
DA:6835,0
DA:6836,0
DA:6837,0
DA:6839,0
DA:6840,0
DA:6841,0
DA:6842,0
DA:6843,0
DA:6849,0
DA:6850,0
DA:6851,0
DA:6852,0
DA:6853,0
DA:6864,1
DA:6865,1
DA:6872,0
DA:6873,0
DA:6874,0
DA:6875,0
DA:6876,0
DA:6878,0
DA:6881,0
DA:6882,0
DA:6889,0
DA:6890,0
DA:6892,0
DA:6893,0
DA:6894,0
DA:6895,0
DA:6896,0
DA:6897,0
DA:6898,0
DA:6899,0
DA:6900,0
DA:6901,0
DA:6902,0
DA:6904,0
DA:6905,0
DA:6906,0
DA:6915,0
DA:6923,0
DA:6924,0
DA:6925,0
DA:6926,0
DA:6927,0
DA:6935,0
DA:6954,0
DA:6955,0
DA:6956,0
DA:6957,0
DA:6958,0
DA:6966,0
DA:6967,0
DA:6972,0
DA:6973,0
DA:6974,0
DA:6975,0
DA:6983,0
DA:6987,0
DA:6988,0
DA:6989,0
DA:6990,0
DA:6991,0
DA:6992,0
DA:6999,0
DA:7000,0
DA:7001,0
DA:7002,0
DA:7003,0
DA:7004,0
DA:7010,0
DA:7011,0
DA:7012,0
DA:7014,0
DA:7015,0
DA:7018,0
DA:7019,0
DA:7020,0
DA:7023,0
DA:7024,0
DA:7025,0
DA:7026,0
DA:7038,0
DA:7047,0
DA:7056,0
DA:7057,0
DA:7058,0
DA:7059,0
DA:7060,0
DA:7072,0
DA:7073,0
DA:7074,0
DA:7089,0
DA:7097,1
DA:7098,1
DA:7100,0
DA:7101,0
DA:7102,0
DA:7103,0
DA:7104,0
DA:7105,0
DA:7108,1
DA:7116,1
DA:7117,1
DA:7120,0
DA:7121,0
DA:7122,0
DA:7124,0
DA:7125,0
DA:7128,0
DA:7129,0
DA:7130,0
DA:7133,0
DA:7134,0
DA:7138,0
DA:7139,0
DA:7140,0
DA:7143,0
DA:7144,0
DA:7148,0
DA:7151,0
DA:7153,0
DA:7154,0
DA:7155,0
DA:7158,0
DA:7167,0
DA:7177,0
DA:7180,0
DA:7181,0
DA:7185,0
DA:7186,0
DA:7187,0
DA:7188,0
DA:7190,0
DA:7192,0
DA:7193,0
DA:7195,0
DA:7196,0
DA:7199,0
DA:7202,1
DA:7209,1
DA:7210,0
DA:7211,0
DA:7212,0
DA:7213,0
DA:7214,0
DA:7215,0
DA:7216,0
DA:7219,0
DA:7224,0
DA:7227,0
DA:7234,0
DA:7235,0
DA:7237,0
DA:7238,0
DA:7240,0
DA:7248,0
DA:7251,0
DA:7252,0
DA:7253,0
DA:7254,0
DA:7255,0
DA:7259,0
DA:7264,0
DA:7265,0
DA:7268,0
DA:7269,0
DA:7270,0
DA:7271,0
DA:7274,0
DA:7279,1
DA:7280,1
DA:7281,1
DA:7283,0
DA:7285,0
DA:7286,0
DA:7288,0
DA:7289,0
DA:7293,0
DA:7294,0
DA:7297,0
DA:7302,1
DA:7305,1
DA:7306,0
DA:7307,0
DA:7308,0
DA:7309,0
DA:7311,0
DA:7312,0
DA:7313,0
DA:7314,0
DA:7315,0
DA:7321,1
DA:7322,1
DA:7324,1
DA:7327,1
DA:7331,0
DA:7332,0
DA:7333,0
DA:7336,0
DA:7338,0
DA:7343,0
DA:7347,0
DA:7349,0
DA:7350,0
DA:7351,0
DA:7354,0
DA:7355,0
DA:7356,0
DA:7358,0
DA:7363,1
DA:7376,0
DA:7381,0
DA:7382,0
DA:7383,0
DA:7385,0
DA:7401,0
DA:7406,0
DA:7407,0
DA:7408,0
DA:7410,0
DA:7412,0
DA:7413,0
DA:7433,1
DA:7434,1
DA:7437,0
DA:7438,0
DA:7439,0
DA:7440,0
DA:7442,0
DA:7443,0
DA:7449,1
DA:7450,0
DA:7460,1
DA:7461,1
DA:7462,1
DA:7465,1
DA:7466,1
DA:7467,1
DA:7468,1
DA:7469,1
DA:7471,1
DA:7477,1
DA:7480,0
DA:7481,0
DA:7486,1
DA:7493,0
DA:7494,0
DA:7499,0
DA:7500,0
DA:7501,0
DA:7502,0
DA:7507,0
DA:7508,0
DA:7510,0
DA:7518,0
DA:7519,0
DA:7520,0
DA:7521,0
DA:7522,0
DA:7523,0
DA:7524,0
DA:7525,0
DA:7526,0
DA:7527,0
DA:7529,0
DA:7530,0
DA:7531,0
DA:7532,0
DA:7536,0
DA:7537,0
DA:7538,0
DA:7541,0
DA:7544,1
DA:7547,0
DA:7548,0
DA:7549,0
DA:7550,0
DA:7551,0
DA:7552,0
DA:7553,0
DA:7556,0
DA:7557,0
DA:7559,0
DA:7565,0
DA:7566,0
DA:7567,0
DA:7568,0
DA:7569,0
DA:7572,0
DA:7573,0
DA:7578,0
DA:7585,0
DA:7587,0
DA:7601,0
DA:7602,0
DA:7607,0
DA:7613,1
DA:7616,1
DA:7617,0
DA:7618,0
DA:7621,1
DA:7622,1
DA:7623,1
DA:7627,0
DA:7631,0
DA:7632,0
DA:7633,0
DA:7634,0
DA:7635,0
DA:7636,0
DA:7637,0
DA:7638,0
DA:7639,0
DA:7640,0
DA:7641,0
DA:7642,0
DA:7643,0
DA:7644,0
DA:7645,0
DA:7646,0
DA:7647,0
DA:7653,0
DA:7654,0
DA:7655,0
DA:7656,0
DA:7657,0
DA:7660,0
DA:7662,0
DA:7663,0
DA:7666,0
DA:7669,0
DA:7672,0
DA:7676,0
DA:7679,0
DA:7682,0
DA:7685,0
DA:7689,0
DA:7695,0
DA:7696,0
DA:7699,0
DA:7700,0
DA:7702,0
DA:7703,0
DA:7704,0
DA:7705,0
DA:7707,0
DA:7708,0
DA:7709,0
DA:7711,0
DA:7713,0
DA:7715,0
DA:7718,0
DA:7720,0
DA:7721,0
DA:7722,0
DA:7723,0
DA:7727,0
DA:7729,0
DA:7734,0
DA:7735,0
DA:7736,0
DA:7737,0
DA:7738,0
DA:7739,0
DA:7740,0
DA:7741,0
DA:7742,0
DA:7743,0
DA:7744,0
DA:7746,0
DA:7753,0
DA:7754,0
DA:7755,0
DA:7758,0
DA:7759,0
DA:7764,0
DA:7767,0
DA:7768,0
DA:7769,0
DA:7772,0
DA:7773,0
DA:7774,0
DA:7778,0
DA:7782,0
DA:7783,0
DA:7784,0
DA:7785,0
DA:7786,0
DA:7787,0
DA:7788,0
DA:7789,0
DA:7790,0
DA:7791,0
DA:7792,0
DA:7794,0
DA:7795,0
DA:7797,0
DA:7803,0
DA:7804,0
DA:7807,0
DA:7808,0
DA:7809,0
DA:7811,0
DA:7812,0
DA:7813,0
DA:7815,0
DA:7816,0
DA:7817,0
DA:7819,0
DA:7821,0
DA:7822,0
DA:7824,0
DA:7827,0
DA:7828,0
DA:7830,0
DA:7835,0
DA:7836,0
DA:7839,0
DA:7840,0
DA:7842,0
DA:7843,0
DA:7844,0
DA:7845,0
DA:7846,0
DA:7847,0
DA:7848,0
DA:7849,0
DA:7850,0
DA:7851,0
DA:7852,0
DA:7854,0
DA:7860,0
DA:7861,0
DA:7862,0
DA:7869,0
DA:7870,0
DA:7875,0
DA:7876,0
DA:7885,0
DA:7895,0
DA:7896,0
DA:7898,0
DA:7899,0
DA:7901,0
DA:7907,0
DA:7912,1
DA:7913,1
DA:7917,1
DA:7922,0
DA:7923,0
DA:7930,1
DA:7943,1
DA:7945,1
DA:7953,1
DA:7963,1
DA:7965,0
DA:7967,0
DA:7968,0
DA:7969,0
DA:7972,0
DA:7974,0
DA:7975,0
DA:7976,0
DA:7977,0
DA:7978,0
DA:7979,0
DA:7984,0
DA:7986,0
DA:7994,0
DA:7995,0
DA:8000,0
DA:8001,0
DA:8002,0
DA:8005,0
DA:8006,0
DA:8008,0
DA:8009,0
DA:8017,0
DA:8019,0
DA:8027,0
DA:8028,0
DA:8029,0
DA:8030,0
DA:8035,0
DA:8038,0
DA:8039,0
DA:8040,0
DA:8041,0
DA:8042,0
DA:8043,0
DA:8046,0
DA:8047,0
DA:8048,0
DA:8050,0
DA:8054,0
DA:8055,0
DA:8060,0
DA:8064,0
DA:8070,0
DA:8075,0
DA:8076,0
DA:8077,0
DA:8081,0
DA:8082,0
DA:8083,0
DA:8090,0
DA:8095,1
DA:8097,0
DA:8099,0
DA:8100,0
DA:8101,0
DA:8103,0
DA:8104,0
DA:8105,0
DA:8106,0
DA:8109,0
DA:8114,0
DA:8115,0
DA:8118,0
DA:8119,0
DA:8120,0
DA:8121,0
DA:8122,0
DA:8123,0
DA:8124,0
DA:8125,0
DA:8128,0
DA:8129,0
DA:8133,0
DA:8144,0
DA:8145,0
DA:8150,1
DA:8160,1
DA:8181,0
DA:8182,0
DA:8183,0
DA:8185,0
DA:8190,0
DA:8191,0
DA:8193,0
DA:8194,0
DA:8198,0
DA:8199,0
DA:8200,0
DA:8202,0
DA:8206,0
DA:8207,0
DA:8214,0
DA:8215,0
DA:8216,0
DA:8222,0
DA:8225,1
DA:8231,0
DA:8233,0
DA:8234,0
DA:8235,0
DA:8239,0
DA:8241,0
DA:8246,0
DA:8247,0
DA:8254,0
DA:8257,0
DA:8260,0
DA:8266,0
DA:8270,0
DA:8271,0
DA:8276,0
DA:8278,0
DA:8282,0
DA:8283,0
DA:8289,0
DA:8290,0
DA:8298,0
DA:8299,0
DA:8300,0
DA:8304,0
DA:8305,0
DA:8308,0
DA:8318,0
DA:8320,0
DA:8322,0
DA:8323,0
DA:8324,0
DA:8325,0
DA:8327,0
DA:8328,0
DA:8329,0
DA:8330,0
DA:8333,0
DA:8334,0
DA:8335,0
DA:8336,0
DA:8340,0
DA:8357,1
DA:8362,1
DA:8364,1
DA:8368,0
DA:8369,0
DA:8370,0
DA:8371,0
DA:8372,0
DA:8373,0
DA:8375,0
DA:8376,0
DA:8377,0
DA:8378,0
DA:8379,0
DA:8380,0
DA:8381,0
DA:8382,0
DA:8383,0
DA:8384,0
DA:8385,0
DA:8390,0
DA:8391,0
DA:8392,0
DA:8393,0
DA:8394,0
DA:8395,0
DA:8396,0
DA:8397,0
DA:8398,0
DA:8400,0
DA:8403,0
DA:8404,0
DA:8407,0
DA:8412,0
DA:8418,0
DA:8422,0
DA:8423,0
DA:8424,0
DA:8425,0
DA:8430,0
DA:8431,0
DA:8432,0
DA:8437,0
DA:8439,0
DA:8440,0
DA:8441,0
DA:8442,0
DA:8443,0
DA:8444,0
DA:8445,0
DA:8446,0
DA:8447,0
DA:8448,0
DA:8449,0
DA:8459,0
DA:8463,0
DA:8471,0
DA:8472,0
DA:8473,0
DA:8475,0
DA:8476,0
DA:8477,0
DA:8478,0
DA:8479,0
DA:8480,0
DA:8487,0
DA:8491,0
DA:8497,0
DA:8501,0
DA:8502,0
DA:8503,0
DA:8504,0
DA:8505,0
DA:8506,0
DA:8507,0
DA:8508,0
DA:8509,0
DA:8513,1
DA:8521,1
DA:8522,1
DA:8523,1
DA:8524,1
DA:8525,1
DA:8528,1
DA:8529,1
DA:8532,1
DA:8535,1
DA:8539,1
DA:8540,1
DA:8577,1
DA:8578,1
DA:8580,1
DA:8581,0
DA:8582,0
DA:8583,0
DA:8592,0
DA:8593,0
DA:8594,0
DA:8596,0
DA:8597,0
DA:8598,0
DA:8600,0
DA:8601,0
DA:8603,0
DA:8604,0
DA:8605,0
DA:8608,0
DA:8609,0
DA:8610,0
DA:8611,0
DA:8613,0
DA:8614,0
DA:8615,0
DA:8617,0
DA:8626,0
DA:8627,0
DA:8628,0
DA:8629,0
DA:8630,0
DA:8631,0
DA:8639,0
DA:8640,0
DA:8642,0
DA:8643,0
DA:8644,0
DA:8649,0
DA:8650,0
DA:8651,0
DA:8653,0
DA:8654,0
DA:8656,0
DA:8659,1
DA:8668,0
DA:8669,0
DA:8670,0
DA:8672,0
DA:8683,0
DA:8686,0
DA:8687,0
DA:8688,0
DA:8693,0
DA:8694,0
DA:8695,0
DA:8697,0
DA:8698,0
DA:8700,0
DA:8703,1
DA:8713,1
DA:8715,0
DA:8716,0
DA:8717,0
DA:8723,1
DA:8730,1
DA:8736,1
DA:8756,1
DA:8759,1
DA:8760,1
DA:8761,1
DA:8762,1
DA:8763,1
DA:8764,1
DA:8766,1
DA:8767,1
DA:8769,1
DA:8770,1
DA:8771,1
DA:8775,1
DA:8776,1
DA:8778,1
DA:8786,1
DA:8787,1
DA:8790,1
DA:8791,1
DA:8794,0
DA:8795,0
DA:8799,0
DA:8800,0
DA:8801,0
DA:8802,0
DA:8803,0
DA:8805,0
DA:8806,0
DA:8808,0
DA:8809,0
DA:8810,0
DA:8812,0
DA:8813,0
DA:8815,0
DA:8816,0
DA:8817,0
DA:8819,0
DA:8820,0
DA:8825,0
DA:8826,0
DA:8828,0
DA:8829,0
DA:8830,0
DA:8835,0
DA:8836,0
DA:8837,0
DA:8838,0
DA:8842,0
DA:8843,0
DA:8844,0
DA:8845,0
DA:8846,0
DA:8847,0
DA:8851,0
DA:8852,0
DA:8853,0
DA:8854,0
DA:8855,0
DA:8857,0
DA:8861,0
DA:8862,0
DA:8863,0
DA:8864,0
DA:8871,0
DA:8872,0
DA:8873,0
DA:8874,0
DA:8876,0
DA:8877,0
DA:8880,0
DA:8881,0
DA:8882,0
DA:8885,0
DA:8886,0
DA:8889,0
DA:8890,0
DA:8891,0
DA:8892,0
DA:8893,0
DA:8894,0
DA:8895,0
DA:8899,0
DA:8900,0
DA:8902,0
DA:8903,0
DA:8905,0
DA:8907,0
DA:8908,0
DA:8909,0
DA:8912,0
DA:8913,0
DA:8914,0
DA:8915,0
DA:8917,0
DA:8922,0
DA:8925,0
DA:8926,0
DA:8930,0
DA:8931,0
DA:8932,0
DA:8937,0
DA:8939,0
DA:8940,0
DA:8941,0
DA:8943,0
DA:8944,0
DA:8945,0
DA:8946,0
DA:8947,0
DA:8953,0
DA:8954,0
DA:8956,0
DA:8957,0
DA:8958,0
DA:8960,0
DA:8961,0
DA:8965,0
DA:8967,0
DA:8968,0
DA:8969,0
DA:8970,0
DA:8972,0
DA:8973,0
DA:8974,0
DA:8975,0
DA:8977,0
DA:8978,0
DA:8981,0
DA:8987,0
DA:8988,0
DA:8989,0
DA:8992,0
DA:8993,0
DA:8999,0
DA:9000,0
DA:9002,0
DA:9003,0
DA:9007,0
DA:9008,0
DA:9009,0
DA:9010,0
DA:9015,0
DA:9018,0
DA:9020,0
DA:9021,0
DA:9025,0
DA:9029,0
DA:9030,0
DA:9035,0
DA:9036,0
DA:9037,0
DA:9038,0
DA:9039,0
DA:9041,0
DA:9042,0
DA:9043,0
DA:9045,0
DA:9046,0
DA:9054,1
DA:9055,1
DA:9056,1
DA:9057,1
DA:9058,1
DA:9060,1
DA:9061,1
DA:9062,1
DA:9064,1
DA:9083,0
DA:9100,0
DA:9102,0
DA:9103,0
DA:9104,0
DA:9106,0
DA:9107,0
DA:9108,0
DA:9110,0
DA:9112,0
DA:9113,0
DA:9116,0
DA:9117,0
DA:9118,0
DA:9121,0
DA:9122,0
DA:9123,0
DA:9129,0
DA:9130,0
DA:9132,0
DA:9133,0
DA:9136,0
DA:9137,0
DA:9141,0
DA:9152,0
DA:9156,0
DA:9160,0
DA:9161,0
DA:9162,0
DA:9165,0
DA:9166,0
DA:9167,0
DA:9175,0
DA:9176,0
DA:9179,0
DA:9180,0
DA:9181,0
DA:9182,0
DA:9185,0
DA:9186,0
DA:9188,0
DA:9189,0
DA:9190,0
DA:9192,0
DA:9193,0
DA:9194,0
DA:9196,0
DA:9200,0
DA:9201,0
DA:9202,0
DA:9207,0
DA:9208,0
DA:9217,0
DA:9218,0
DA:9219,0
DA:9220,0
DA:9222,0
DA:9223,0
DA:9224,0
DA:9228,0
DA:9229,0
DA:9236,0
DA:9237,0
DA:9238,0
DA:9239,0
DA:9240,0
DA:9241,0
DA:9243,0
DA:9244,0
DA:9247,0
DA:9248,0
DA:9249,0
DA:9251,0
DA:9257,0
DA:9258,0
DA:9259,0
DA:9260,0
DA:9263,0
DA:9264,0
DA:9265,0
DA:9269,0
DA:9270,0
DA:9271,0
DA:9272,0
DA:9275,0
DA:9276,0
DA:9281,0
DA:9285,0
DA:9291,0
DA:9292,0
DA:9296,0
DA:9298,0
DA:9299,0
DA:9305,0
DA:9306,0
DA:9314,0
DA:9321,0
DA:9325,0
DA:9326,0
DA:9331,0
DA:9332,0
DA:9333,0
DA:9334,0
DA:9335,0
DA:9340,0
DA:9342,0
DA:9347,0
DA:9351,0
DA:9353,0
DA:9354,0
DA:9355,0
DA:9356,0
DA:9357,0
DA:9359,0
DA:9363,0
DA:9364,0
DA:9365,0
DA:9366,0
DA:9368,0
DA:9373,0
DA:9374,0
DA:9375,0
DA:9376,0
DA:9382,0
DA:9383,0
DA:9384,0
DA:9385,0
DA:9386,0
DA:9387,0
DA:9397,0
DA:9398,0
DA:9399,0
DA:9400,0
DA:9401,0
DA:9402,0
DA:9403,0
DA:9404,0
DA:9405,0
DA:9406,0
DA:9407,0
DA:9410,0
DA:9412,0
DA:9416,0
DA:9417,0
DA:9418,0
DA:9419,0
DA:9424,0
DA:9425,0
DA:9427,0
DA:9428,0
DA:9429,0
DA:9435,0
DA:9436,0
DA:9437,0
DA:9441,0
DA:9442,0
DA:9450,0
DA:9451,0
DA:9452,0
DA:9453,0
DA:9455,0
DA:9456,0
DA:9461,0
DA:9467,0
DA:9468,0
DA:9470,0
DA:9474,0
DA:9475,0
DA:9476,0
DA:9481,0
DA:9482,0
DA:9483,0
DA:9484,0
DA:9492,0
DA:9493,0
DA:9495,0
DA:9504,0
DA:9505,0
DA:9507,0
DA:9515,0
DA:9517,0
DA:9518,0
DA:9519,0
DA:9522,0
DA:9523,0
DA:9531,0
DA:9532,0
DA:9534,0
DA:9535,0
DA:9540,0
DA:9542,0
DA:9543,0
DA:9544,0
DA:9545,0
DA:9547,0
DA:9549,0
DA:9550,0
DA:9551,0
DA:9553,0
DA:9554,0
DA:9555,0
DA:9556,0
DA:9557,0
DA:9558,0
DA:9559,0
DA:9560,0
DA:9561,0
DA:9563,0
DA:9564,0
DA:9566,0
DA:9567,0
DA:9574,0
DA:9577,0
DA:9579,0
DA:9581,0
DA:9582,0
DA:9583,0
DA:9585,0
DA:9587,0
DA:9588,0
DA:9589,0
DA:9590,0
DA:9592,0
DA:9593,0
DA:9594,0
DA:9599,0
DA:9600,0
DA:9601,0
DA:9602,0
DA:9610,0
DA:9613,0
DA:9616,0
DA:9623,0
DA:9624,0
DA:9625,0
DA:9626,0
DA:9628,0
DA:9630,0
DA:9634,0
DA:9635,0
DA:9636,0
DA:9637,0
DA:9638,0
DA:9643,0
DA:9644,0
DA:9645,0
DA:9649,0
DA:9651,0
DA:9653,0
DA:9658,0
DA:9662,0
DA:9671,1
DA:9672,1
DA:9688,0
DA:9689,0
DA:9690,0
DA:9691,0
DA:9699,0
DA:9716,0
DA:9717,0
DA:9718,0
DA:9719,0
DA:9723,0
DA:9724,0
DA:9726,0
DA:9727,0
DA:9730,0
DA:9731,0
DA:9732,0
DA:9733,0
DA:9734,0
DA:9736,0
DA:9738,0
DA:9739,0
DA:9740,0
DA:9741,0
DA:9742,0
DA:9743,0
DA:9748,0
DA:9749,0
DA:9750,0
DA:9751,0
DA:9752,0
DA:9757,0
DA:9758,0
DA:9759,0
DA:9760,0
DA:9761,0
DA:9766,0
DA:9767,0
DA:9768,0
DA:9769,0
DA:9772,0
DA:9778,0
DA:9781,1
DA:9785,1
DA:9794,0
DA:9795,0
DA:9802,0
DA:9803,0
DA:9807,1
DA:9815,1
DA:9833,1
DA:9847,0
DA:9848,0
DA:9849,0
DA:9851,0
DA:9853,0
DA:9857,0
DA:9864,0
DA:9865,0
DA:9869,0
DA:9874,0
DA:9876,0
DA:9877,0
DA:9878,0
DA:9879,0
DA:9880,0
DA:9883,0
DA:9884,0
DA:9885,0
DA:9886,0
DA:9887,0
DA:9888,0
DA:9896,0
DA:9897,0
DA:9898,0
DA:9903,0
DA:9907,0
DA:9908,0
DA:9910,0
DA:9912,0
DA:9913,0
DA:9914,0
DA:9917,0
DA:9918,0
DA:9919,0
DA:9926,0
DA:9927,0
DA:9929,0
DA:9930,0
DA:9932,0
DA:9943,0
DA:9944,0
DA:9945,0
DA:9946,0
DA:9948,0
DA:9949,0
DA:9952,0
DA:9957,1
DA:9958,1
DA:9961,1
DA:9974,1
DA:9990,8
DA:9992,1
DA:10010,0
DA:10011,0
DA:10012,0
DA:10014,0
DA:10021,0
DA:10022,0
DA:10025,0
DA:10026,0
DA:10029,0
DA:10030,0
DA:10032,0
DA:10033,0
DA:10034,0
DA:10037,0
DA:10039,0
DA:10040,0
DA:10041,0
DA:10042,0
DA:10043,0
DA:10044,0
DA:10046,0
DA:10047,0
DA:10049,0
DA:10050,0
DA:10051,0
DA:10053,0
DA:10054,0
DA:10058,0
DA:10061,0
DA:10062,0
DA:10065,0
DA:10066,0
DA:10068,0
DA:10074,0
DA:10079,0
DA:10083,0
DA:10084,0
DA:10085,0
DA:10087,0
DA:10088,0
DA:10089,0
DA:10102,0
DA:10103,0
DA:10105,0
DA:10111,0
DA:10112,0
DA:10118,1
DA:10126,1
DA:10127,0
DA:10128,0
DA:10129,0
DA:10130,0
DA:10131,0
DA:10132,0
DA:10133,0
DA:10134,0
DA:10135,0
DA:10144,0
DA:10145,0
DA:10146,0
DA:10153,0
DA:10154,0
DA:10155,0
DA:10156,0
DA:10157,0
DA:10158,0
DA:10159,0
DA:10160,0
DA:10161,0
DA:10162,0
DA:10163,0
DA:10164,0
DA:10168,0
DA:10169,0
DA:10171,0
DA:10173,0
DA:10174,0
DA:10177,0
DA:10178,0
DA:10180,0
DA:10186,0
DA:10187,0
DA:10188,0
DA:10193,0
DA:10194,0
DA:10195,0
DA:10196,0
DA:10197,0
DA:10198,0
DA:10199,0
DA:10200,0
DA:10201,0
DA:10202,0
DA:10204,0
DA:10206,0
DA:10207,0
DA:10210,0
DA:10212,0
DA:10214,0
DA:10224,0
DA:10225,0
DA:10234,0
DA:10235,0
DA:10238,0
DA:10239,0
DA:10240,0
DA:10242,0
DA:10247,0
DA:10261,0
DA:10262,0
DA:10263,0
DA:10264,0
DA:10266,0
DA:10272,0
DA:10280,0
DA:10281,0
DA:10288,0
DA:10292,0
DA:10293,0
DA:10296,0
DA:10297,0
DA:10300,0
DA:10301,0
DA:10303,0
DA:10304,0
DA:10307,0
DA:10308,0
DA:10311,0
DA:10312,0
DA:10315,0
DA:10316,0
DA:10319,0
DA:10320,0
DA:10323,0
DA:10324,0
DA:10327,0
DA:10328,0
DA:10330,0
DA:10331,0
DA:10335,0
DA:10336,0
DA:10339,0
DA:10340,0
DA:10343,0
DA:10344,0
DA:10347,0
DA:10348,0
DA:10349,0
DA:10350,0
DA:10353,0
DA:10355,0
DA:10356,0
DA:10359,0
DA:10360,0
DA:10362,0
DA:10366,0
DA:10367,0
DA:10368,0
DA:10369,0
DA:10371,0
DA:10372,0
DA:10373,0
DA:10374,0
DA:10375,0
DA:10378,0
DA:10380,0
DA:10381,0
DA:10382,0
DA:10385,0
DA:10386,0
DA:10391,0
DA:10392,0
DA:10395,0
DA:10397,0
DA:10398,0
DA:10399,0
DA:10407,0
DA:10408,0
DA:10417,0
DA:10418,0
DA:10420,0
DA:10426,0
DA:10434,0
DA:10435,0
DA:10436,0
DA:10437,0
DA:10438,0
DA:10439,0
DA:10452,0
DA:10453,0
DA:10454,0
DA:10456,0
DA:10461,0
DA:10463,0
DA:10466,0
DA:10467,0
DA:10479,0
DA:10480,0
DA:10481,0
DA:10482,0
DA:10483,0
DA:10485,0
DA:10486,0
DA:10487,0
DA:10488,0
DA:10490,0
DA:10491,0
DA:10492,0
DA:10495,0
DA:10499,0
DA:10503,0
DA:10504,0
DA:10505,0
DA:10506,0
DA:10508,0
DA:10513,0
DA:10519,0
DA:10523,0
DA:10524,0
DA:10525,0
DA:10526,0
DA:10527,0
DA:10528,0
DA:10529,0
DA:10531,0
DA:10532,0
DA:10534,0
DA:10535,0
DA:10537,0
DA:10546,0
DA:10547,0
DA:10551,0
DA:10552,0
DA:10553,0
DA:10556,0
DA:10559,0
DA:10564,0
DA:10573,1
DA:10580,1
DA:10585,1
DA:10589,0
DA:10590,0
DA:10591,0
DA:10593,0
DA:10597,0
DA:10598,0
DA:10599,0
DA:10600,0
DA:10601,0
DA:10602,0
DA:10603,0
DA:10604,0
DA:10605,0
DA:10607,0
DA:10612,0
DA:10613,0
DA:10614,0
DA:10617,0
DA:10618,0
DA:10623,0
DA:10624,0
DA:10625,0
DA:10626,0
DA:10631,0
DA:10635,0
DA:10636,0
DA:10637,0
DA:10638,0
DA:10647,0
DA:10648,0
DA:10649,0
DA:10651,0
DA:10657,0
DA:10658,0
DA:10660,0
DA:10661,0
DA:10662,0
DA:10667,0
DA:10679,0
DA:10680,0
DA:10682,0
DA:10683,0
DA:10688,1
DA:10690,1
DA:10695,0
DA:10696,0
DA:10697,0
DA:10700,0
DA:10718,0
DA:10721,0
DA:10722,0
DA:10726,0
DA:10729,0
DA:10730,0
DA:10731,0
DA:10733,0
DA:10737,0
DA:10738,0
DA:10743,0
DA:10744,0
DA:10745,0
DA:10746,0
DA:10747,0
DA:10754,0
DA:10769,0
DA:10776,1
DA:10781,0
DA:10782,0
DA:10783,0
DA:10784,0
DA:10785,0
DA:10788,0
DA:10790,0
DA:10791,0
DA:10795,0
DA:10796,0
DA:10802,0
DA:10803,0
DA:10804,0
DA:10809,0
DA:10810,0
DA:10811,0
DA:10813,0
DA:10814,0
DA:10815,0
DA:10818,1
DA:10830,1
DA:10834,0
DA:10835,0
DA:10836,0
DA:10838,0
DA:10839,0
DA:10848,1
DA:10849,1
DA:10856,2
DA:10857,2
DA:10858,2
DA:10862,1
DA:10864,1
DA:10868,1
DA:10869,0
DA:10870,0
DA:10873,1
DA:10874,1
DA:10878,1
DA:10881,1
DA:10888,1
DA:10890,1
DA:10891,0
DA:10892,0
DA:10893,0
DA:10894,0
DA:10895,0
DA:10897,0
DA:10904,0
DA:10905,0
DA:10907,0
DA:10908,0
DA:10910,0
DA:10912,0
DA:10913,0
DA:10915,0
DA:10917,0
DA:10921,0
DA:10927,0
DA:10928,0
DA:10929,0
DA:10930,0
DA:10933,0
DA:10939,1
DA:10947,0
DA:10948,0
DA:10950,0
DA:10951,0
DA:10952,0
DA:10956,1
LF:4335
LH:824
BRDA:13,0,0,14
BRDA:13,0,1,2
BRDA:17,1,0,88
BRDA:17,1,1,37
BRDA:33,2,0,1
BRDA:33,2,1,1
BRDA:33,2,2,1
BRDA:33,2,3,1
BRDA:47,3,0,5
BRDA:47,3,1,5
BRDA:76,4,0,0
BRDA:76,4,1,0
BRDA:76,4,2,0
BRDA:83,5,0,0
BRDA:83,5,1,1
BRDA:85,6,0,0
BRDA:85,6,1,1
BRDA:96,7,0,0
BRDA:96,7,1,0
BRDA:112,8,0,4
BRDA:112,8,1,11
BRDA:131,9,0,0
BRDA:131,9,1,0
BRDA:133,10,0,0
BRDA:133,10,1,0
BRDA:154,11,0,0
BRDA:154,11,1,0
BRDA:163,12,0,0
BRDA:163,12,1,0
BRDA:208,13,0,1
BRDA:208,13,1,0
BRDA:216,14,0,0
BRDA:216,14,1,0
BRDA:241,15,0,0
BRDA:241,15,1,0
BRDA:270,16,0,3
BRDA:270,16,1,1
BRDA:279,17,0,0
BRDA:279,17,1,0
BRDA:282,18,0,0
BRDA:282,18,1,0
BRDA:282,19,0,0
BRDA:282,19,1,0
BRDA:286,20,0,0
BRDA:286,20,1,0
BRDA:286,21,0,0
BRDA:286,21,1,0
BRDA:287,22,0,0
BRDA:287,22,1,0
BRDA:290,23,0,0
BRDA:290,23,1,0
BRDA:290,24,0,0
BRDA:290,24,1,0
BRDA:293,25,0,0
BRDA:293,25,1,0
BRDA:304,26,0,0
BRDA:304,26,1,0
BRDA:304,27,0,0
BRDA:304,27,1,0
BRDA:313,28,0,0
BRDA:313,28,1,0
BRDA:324,29,0,0
BRDA:324,29,1,0
BRDA:450,30,0,1
BRDA:450,30,1,1
BRDA:470,31,0,0
BRDA:470,31,1,0
BRDA:476,32,0,0
BRDA:476,32,1,0
BRDA:490,33,0,1
BRDA:490,33,1,0
BRDA:491,34,0,1
BRDA:491,34,1,0
BRDA:492,35,0,1
BRDA:492,35,1,1
BRDA:493,36,0,1
BRDA:493,36,1,1
BRDA:494,37,0,1
BRDA:494,37,1,1
BRDA:495,38,0,1
BRDA:495,38,1,1
BRDA:496,39,0,1
BRDA:496,39,1,1
BRDA:496,39,2,1
BRDA:497,40,0,1
BRDA:497,40,1,1
BRDA:497,40,2,1
BRDA:498,41,0,1
BRDA:498,41,1,1
BRDA:498,41,2,1
BRDA:504,42,0,1
BRDA:504,42,1,0
BRDA:521,43,0,1
BRDA:521,43,1,0
BRDA:523,44,0,1
BRDA:523,45,0,1
BRDA:523,45,1,0
BRDA:523,45,2,0
BRDA:535,46,0,1
BRDA:535,46,1,1
BRDA:543,47,0,1
BRDA:543,47,1,1
BRDA:543,47,2,1
BRDA:543,47,3,1
BRDA:548,48,0,0
BRDA:548,49,0,1
BRDA:548,49,1,1
BRDA:578,50,0,0
BRDA:578,50,1,1
BRDA:586,51,0,0
BRDA:586,51,1,0
BRDA:588,52,0,0
BRDA:588,52,1,0
BRDA:590,53,0,0
BRDA:590,53,1,0
BRDA:590,54,0,0
BRDA:590,54,1,0
BRDA:596,55,0,0
BRDA:596,55,1,0
BRDA:596,56,0,0
BRDA:596,56,1,0
BRDA:598,57,0,0
BRDA:598,57,1,0
BRDA:604,58,0,0
BRDA:604,58,1,0
BRDA:607,59,0,0
BRDA:607,59,1,0
BRDA:607,60,0,0
BRDA:607,60,1,0
BRDA:609,61,0,0
BRDA:609,61,1,0
BRDA:610,62,0,0
BRDA:610,62,1,0
BRDA:611,63,0,0
BRDA:611,63,1,0
BRDA:612,64,0,0
BRDA:612,64,1,0
BRDA:614,65,0,0
BRDA:614,65,1,0
BRDA:614,66,0,0
BRDA:614,66,1,0
BRDA:616,67,0,0
BRDA:616,67,1,0
BRDA:620,68,0,0
BRDA:620,68,1,0
BRDA:621,69,0,0
BRDA:621,69,1,0
BRDA:621,70,0,0
BRDA:621,70,1,0
BRDA:628,71,0,0
BRDA:628,71,1,0
BRDA:629,72,0,0
BRDA:629,72,1,0
BRDA:636,73,0,0
BRDA:636,73,1,0
BRDA:636,74,0,0
BRDA:636,74,1,0
BRDA:640,75,0,0
BRDA:640,75,1,0
BRDA:642,76,0,0
BRDA:642,76,1,0
BRDA:646,77,0,0
BRDA:646,77,1,0
BRDA:655,78,0,0
BRDA:655,78,1,0
BRDA:655,79,0,0
BRDA:655,79,1,0
BRDA:688,80,0,1
BRDA:688,80,1,0
BRDA:708,81,0,0
BRDA:708,81,1,6
BRDA:738,82,0,4
BRDA:738,82,1,2
BRDA:764,83,0,0
BRDA:764,83,1,0
BRDA:833,84,0,0
BRDA:833,84,1,0
BRDA:833,84,2,0
BRDA:842,85,0,0
BRDA:842,85,1,0
BRDA:874,86,0,0
BRDA:874,86,1,1
BRDA:875,87,0,0
BRDA:875,87,1,0
BRDA:936,88,0,1
BRDA:936,88,1,1
BRDA:936,89,0,2
BRDA:936,89,1,1
BRDA:940,90,0,0
BRDA:940,90,1,1
BRDA:940,91,0,1
BRDA:940,91,1,0
BRDA:942,92,0,1
BRDA:942,92,1,0
BRDA:943,93,0,1
BRDA:943,93,1,1
BRDA:943,93,2,1
BRDA:943,93,3,1
BRDA:943,93,4,1
BRDA:943,93,5,1
BRDA:951,94,0,1
BRDA:951,94,1,0
BRDA:951,95,0,1
BRDA:951,95,1,1
BRDA:970,96,0,0
BRDA:970,96,1,3
BRDA:970,97,0,3
BRDA:970,97,1,1
BRDA:975,98,0,3
BRDA:975,98,1,1
BRDA:976,99,0,1
BRDA:976,99,1,2
BRDA:976,100,0,3
BRDA:976,100,1,3
BRDA:979,101,0,3
BRDA:979,101,1,1
BRDA:981,102,0,3
BRDA:981,102,1,1
BRDA:986,103,0,0
BRDA:986,103,1,1
BRDA:987,104,0,1
BRDA:987,104,1,0
BRDA:989,105,0,0
BRDA:989,105,1,1
BRDA:991,106,0,0
BRDA:991,106,1,0
BRDA:999,107,0,0
BRDA:999,107,1,0
BRDA:1001,108,0,0
BRDA:1001,108,1,0
BRDA:1001,109,0,0
BRDA:1001,109,1,0
BRDA:1001,109,2,0
BRDA:1005,110,0,0
BRDA:1005,110,1,0
BRDA:1005,111,0,0
BRDA:1005,111,1,0
BRDA:1008,112,0,0
BRDA:1008,112,1,0
BRDA:1013,113,0,0
BRDA:1013,113,1,0
BRDA:1025,114,0,0
BRDA:1025,114,1,0
BRDA:1025,115,0,0
BRDA:1025,115,1,0
BRDA:1025,115,2,0
BRDA:1030,116,0,0
BRDA:1030,116,1,0
BRDA:1030,117,0,0
BRDA:1030,117,1,0
BRDA:1035,118,0,0
BRDA:1035,118,1,0
BRDA:1035,119,0,0
BRDA:1035,119,1,0
BRDA:1040,120,0,0
BRDA:1040,120,1,0
BRDA:1040,121,0,0
BRDA:1040,121,1,0
BRDA:1040,121,2,0
BRDA:1041,122,0,0
BRDA:1041,122,1,0
BRDA:1047,123,0,0
BRDA:1047,123,1,0
BRDA:1060,124,0,0
BRDA:1060,124,1,0
BRDA:1060,125,0,0
BRDA:1060,125,1,0
BRDA:1060,125,2,0
BRDA:1065,126,0,0
BRDA:1065,126,1,0
BRDA:1065,127,0,0
BRDA:1065,127,1,0
BRDA:1070,128,0,0
BRDA:1070,128,1,0
BRDA:1070,129,0,0
BRDA:1070,129,1,0
BRDA:1070,129,2,0
BRDA:1071,130,0,0
BRDA:1071,130,1,0
BRDA:1077,131,0,0
BRDA:1077,131,1,0
BRDA:1081,132,0,0
BRDA:1081,132,1,0
BRDA:1094,133,0,0
BRDA:1094,133,1,0
[...]
BRDA:8304,1347,1,0
BRDA:8308,1348,0,0
BRDA:8308,1348,1,0
BRDA:8309,1349,0,0
BRDA:8309,1349,1,0
BRDA:8309,1349,2,0
BRDA:8309,1349,3,0
BRDA:8309,1349,4,0
BRDA:8314,1350,0,0
BRDA:8314,1350,1,0
BRDA:8320,1351,0,0
BRDA:8320,1351,1,0
BRDA:8328,1352,0,0
BRDA:8328,1352,1,0
BRDA:8329,1353,0,0
BRDA:8329,1353,1,0
BRDA:8368,1354,0,0
BRDA:8368,1354,1,0
BRDA:8368,1354,2,0
BRDA:8371,1355,0,0
BRDA:8371,1355,1,0
BRDA:8377,1356,0,0
BRDA:8377,1356,1,0
BRDA:8378,1357,0,0
BRDA:8378,1357,1,0
BRDA:8378,1358,0,0
BRDA:8378,1358,1,0
BRDA:8381,1359,0,0
BRDA:8381,1359,1,0
BRDA:8382,1360,0,0
BRDA:8382,1360,1,0
BRDA:8384,1361,0,0
BRDA:8384,1361,1,0
BRDA:8384,1362,0,0
BRDA:8384,1362,1,0
BRDA:8384,1362,2,0
BRDA:8390,1363,0,0
BRDA:8390,1363,1,0
BRDA:8397,1364,0,0
BRDA:8397,1364,1,0
BRDA:8423,1365,0,0
BRDA:8423,1365,1,0
BRDA:8423,1366,0,0
BRDA:8423,1366,1,0
BRDA:8424,1367,0,0
BRDA:8424,1367,1,0
BRDA:8424,1368,0,0
BRDA:8424,1368,1,0
BRDA:8440,1369,0,0
BRDA:8440,1369,1,0
BRDA:8446,1370,0,0
BRDA:8446,1370,1,0
BRDA:8446,1371,0,0
BRDA:8446,1371,1,0
BRDA:8459,1372,0,0
BRDA:8463,1373,0,0
BRDA:8472,1374,0,0
BRDA:8472,1374,1,0
BRDA:8487,1375,0,0
BRDA:8491,1376,0,0
BRDA:8505,1377,0,0
BRDA:8505,1377,1,0
BRDA:8505,1378,0,0
BRDA:8505,1378,1,0
BRDA:8532,1379,0,1
BRDA:8532,1379,1,0
BRDA:8539,1380,0,0
BRDA:8539,1380,1,1
BRDA:8539,1381,0,1
BRDA:8539,1381,1,0
BRDA:8592,1382,0,0
BRDA:8592,1382,1,0
BRDA:8593,1383,0,0
BRDA:8593,1383,1,0
BRDA:8603,1384,0,0
BRDA:8603,1384,1,0
BRDA:8613,1385,0,0
BRDA:8613,1385,1,0
BRDA:8626,1386,0,0
BRDA:8626,1386,1,0
BRDA:8628,1387,0,0
BRDA:8628,1387,1,0
BRDA:8628,1388,0,0
BRDA:8628,1388,1,0
BRDA:8630,1389,0,0
BRDA:8630,1389,1,0
BRDA:8639,1390,0,0
BRDA:8639,1390,1,0
BRDA:8643,1391,0,0
BRDA:8643,1391,1,0
BRDA:8650,1392,0,0
BRDA:8650,1392,1,0
BRDA:8653,1393,0,0
BRDA:8653,1393,1,0
BRDA:8668,1394,0,0
BRDA:8668,1394,1,0
BRDA:8670,1395,0,0
BRDA:8670,1395,1,0
BRDA:8672,1396,0,0
BRDA:8687,1397,0,0
BRDA:8687,1397,1,0
BRDA:8694,1398,0,0
BRDA:8694,1398,1,0
BRDA:8697,1399,0,0
BRDA:8697,1399,1,0
BRDA:8715,1400,0,0
BRDA:8715,1400,1,0
BRDA:8791,1401,0,0
BRDA:8791,1401,1,0
BRDA:8791,1401,2,0
BRDA:8794,1402,0,0
BRDA:8794,1402,1,0
BRDA:8801,1403,0,0
BRDA:8801,1403,1,0
BRDA:8802,1404,0,0
BRDA:8802,1404,1,0
BRDA:8808,1405,0,0
BRDA:8808,1405,1,0
BRDA:8808,1406,0,0
BRDA:8808,1406,1,0
BRDA:8810,1407,0,0
BRDA:8810,1407,1,0
BRDA:8812,1408,0,0
BRDA:8812,1408,1,0
BRDA:8815,1409,0,0
BRDA:8815,1409,1,0
BRDA:8816,1410,0,0
BRDA:8816,1410,1,0
BRDA:8825,1411,0,0
BRDA:8825,1411,1,0
BRDA:8828,1412,0,0
BRDA:8828,1412,1,0
BRDA:8836,1413,0,0
BRDA:8836,1413,1,0
BRDA:8843,1414,0,0
BRDA:8843,1414,1,0
BRDA:8852,1415,0,0
BRDA:8852,1415,1,0
BRDA:8854,1416,0,0
BRDA:8854,1416,1,0
BRDA:8862,1417,0,0
BRDA:8862,1417,1,0
BRDA:8865,1418,0,0
BRDA:8865,1418,1,0
BRDA:8865,1418,2,0
BRDA:8865,1418,3,0
BRDA:8872,1419,0,0
BRDA:8872,1419,1,0
BRDA:8880,1420,0,0
BRDA:8880,1420,1,0
BRDA:8885,1421,0,0
BRDA:8885,1421,1,0
BRDA:8885,1422,0,0
BRDA:8885,1422,1,0
BRDA:8891,1423,0,0
BRDA:8891,1423,1,0
BRDA:8894,1424,0,0
BRDA:8894,1424,1,0
BRDA:8894,1425,0,0
BRDA:8894,1425,1,0
BRDA:8899,1426,0,0
BRDA:8899,1426,1,0
BRDA:8902,1427,0,0
BRDA:8902,1427,1,0
BRDA:8912,1428,0,0
BRDA:8912,1428,1,0
BRDA:8913,1429,0,0
BRDA:8913,1429,1,0
BRDA:8914,1430,0,0
BRDA:8914,1430,1,0
BRDA:8914,1431,0,0
BRDA:8914,1431,1,0
BRDA:8914,1431,2,0
BRDA:8931,1432,0,0
BRDA:8931,1432,1,0
BRDA:8939,1433,0,0
BRDA:8939,1433,1,0
BRDA:8943,1434,0,0
BRDA:8943,1434,1,0
BRDA:8956,1435,0,0
BRDA:8956,1435,1,0
BRDA:8957,1436,0,0
BRDA:8957,1436,1,0
BRDA:8957,1437,0,0
BRDA:8957,1437,1,0
BRDA:8960,1438,0,0
BRDA:8960,1438,1,0
BRDA:8960,1439,0,0
BRDA:8960,1439,1,0
BRDA:8965,1440,0,0
BRDA:8965,1440,1,0
BRDA:8972,1441,0,0
BRDA:8972,1441,1,0
BRDA:8972,1442,0,0
BRDA:8972,1442,1,0
BRDA:8973,1443,0,0
BRDA:8973,1443,1,0
BRDA:8974,1444,0,0
BRDA:8974,1444,1,0
BRDA:8975,1445,0,0
BRDA:8975,1445,1,0
BRDA:8977,1446,0,0
BRDA:8977,1446,1,0
BRDA:8977,1446,2,0
BRDA:8977,1446,3,0
BRDA:8978,1447,0,0
BRDA:8978,1447,1,0
BRDA:8978,1448,0,0
BRDA:8978,1448,1,0
BRDA:8987,1449,0,0
BRDA:8987,1449,1,0
BRDA:8992,1450,0,0
BRDA:8992,1450,1,0
BRDA:8999,1451,0,0
BRDA:8999,1451,1,0
BRDA:9000,1452,0,0
BRDA:9000,1452,1,0
BRDA:9002,1453,0,0
BRDA:9002,1453,1,0
BRDA:9007,1454,0,0
BRDA:9007,1454,1,0
BRDA:9009,1455,0,0
BRDA:9009,1455,1,0
BRDA:9018,1456,0,0
BRDA:9018,1456,1,0
BRDA:9021,1457,0,0
BRDA:9021,1457,1,0
BRDA:9021,1458,0,0
BRDA:9021,1458,1,0
BRDA:9021,1458,2,0
BRDA:9021,1458,3,0
BRDA:9029,1459,0,0
BRDA:9029,1459,1,0
BRDA:9036,1460,0,0
BRDA:9036,1460,1,0
BRDA:9037,1461,0,0
BRDA:9037,1461,1,0
BRDA:9038,1462,0,0
BRDA:9038,1462,1,0
BRDA:9041,1463,0,0
BRDA:9041,1463,1,0
BRDA:9042,1464,0,0
BRDA:9042,1464,1,0
BRDA:9045,1465,0,0
BRDA:9045,1465,1,0
BRDA:9100,1466,0,0
BRDA:9100,1466,1,0
BRDA:9102,1467,0,0
BRDA:9102,1467,1,0
BRDA:9103,1468,0,0
BRDA:9103,1468,1,0
BRDA:9104,1469,0,0
BRDA:9104,1469,1,0
BRDA:9121,1470,0,0
BRDA:9121,1470,1,0
BRDA:9129,1471,0,0
BRDA:9129,1471,1,0
BRDA:9132,1472,0,0
BRDA:9132,1472,1,0
BRDA:9152,1473,0,0
BRDA:9152,1473,1,0
BRDA:9152,1473,2,0
BRDA:9156,1474,0,0
BRDA:9156,1475,0,0
BRDA:9156,1475,1,0
BRDA:9161,1476,0,0
BRDA:9161,1476,1,0
BRDA:9165,1477,0,0
BRDA:9165,1477,1,0
BRDA:9165,1478,0,0
BRDA:9165,1478,1,0
BRDA:9167,1479,0,0
BRDA:9167,1479,1,0
BRDA:9176,1480,0,0
BRDA:9176,1480,1,0
BRDA:9179,1481,0,0
BRDA:9179,1481,1,0
BRDA:9181,1482,0,0
BRDA:9181,1482,1,0
BRDA:9185,1483,0,0
BRDA:9185,1483,1,0
BRDA:9188,1484,0,0
BRDA:9188,1484,1,0
BRDA:9190,1485,0,0
BRDA:9190,1485,1,0
BRDA:9200,1486,0,0
BRDA:9200,1486,1,0
BRDA:9201,1487,0,0
BRDA:9201,1487,1,0
BRDA:9201,1488,0,0
BRDA:9201,1488,1,0
BRDA:9207,1489,0,0
BRDA:9207,1489,1,0
BRDA:9217,1490,0,0
BRDA:9217,1490,1,0
BRDA:9220,1491,0,0
BRDA:9220,1491,1,0
BRDA:9222,1492,0,0
BRDA:9222,1492,1,0
BRDA:9222,1493,0,0
BRDA:9222,1493,1,0
BRDA:9222,1493,2,0
BRDA:9228,1494,0,0
BRDA:9228,1494,1,0
BRDA:9236,1495,0,0
BRDA:9236,1495,1,0
BRDA:9236,1496,0,0
BRDA:9236,1496,1,0
BRDA:9237,1497,0,0
BRDA:9237,1497,1,0
BRDA:9237,1498,0,0
BRDA:9237,1498,1,0
BRDA:9239,1499,0,0
BRDA:9239,1499,1,0
BRDA:9241,1500,0,0
BRDA:9241,1500,1,0
BRDA:9241,1501,0,0
BRDA:9241,1501,1,0
BRDA:9247,1502,0,0
BRDA:9247,1502,1,0
BRDA:9259,1503,0,0
BRDA:9259,1503,1,0
BRDA:9259,1504,0,0
BRDA:9259,1504,1,0
BRDA:9259,1504,2,0
BRDA:9259,1504,3,0
BRDA:9269,1505,0,0
BRDA:9269,1505,1,0
BRDA:9270,1506,0,0
BRDA:9270,1506,1,0
BRDA:9271,1507,0,0
BRDA:9271,1507,1,0
BRDA:9275,1508,0,0
BRDA:9275,1508,1,0
BRDA:9285,1509,0,0
BRDA:9285,1510,0,0
BRDA:9285,1510,1,0
BRDA:9285,1510,2,0
BRDA:9292,1511,0,0
BRDA:9292,1511,1,0
BRDA:9292,1512,0,0
BRDA:9292,1512,1,0
BRDA:9293,1513,0,0
BRDA:9293,1513,1,0
BRDA:9295,1514,0,0
BRDA:9295,1514,1,0
BRDA:9295,1515,0,0
BRDA:9295,1515,1,0
BRDA:9296,1516,0,0
BRDA:9296,1516,1,0
BRDA:9298,1517,0,0
BRDA:9298,1517,1,0
BRDA:9298,1518,0,0
BRDA:9298,1518,1,0
BRDA:9298,1518,2,0
BRDA:9305,1519,0,0
BRDA:9305,1519,1,0
BRDA:9305,1520,0,0
BRDA:9305,1520,1,0
BRDA:9305,1520,2,0
BRDA:9325,1521,0,0
BRDA:9325,1521,1,0
BRDA:9332,1522,0,0
BRDA:9332,1522,1,0
BRDA:9340,1523,0,0
BRDA:9340,1523,1,0
BRDA:9351,1524,0,0
BRDA:9351,1524,1,0
BRDA:9357,1525,0,0
BRDA:9357,1525,1,0
BRDA:9364,1526,0,0
BRDA:9364,1526,1,0
BRDA:9365,1527,0,0
BRDA:9365,1527,1,0
BRDA:9365,1528,0,0
BRDA:9365,1528,1,0
BRDA:9374,1529,0,0
BRDA:9374,1529,1,0
BRDA:9382,1530,0,0
BRDA:9382,1530,1,0
BRDA:9384,1531,0,0
BRDA:9384,1531,1,0
BRDA:9386,1532,0,0
BRDA:9386,1532,1,0
BRDA:9398,1533,0,0
BRDA:9398,1533,1,0
BRDA:9403,1534,0,0
BRDA:9403,1534,1,0
BRDA:9406,1535,0,0
BRDA:9406,1535,1,0
BRDA:9417,1536,0,0
BRDA:9417,1536,1,0
BRDA:9424,1537,0,0
BRDA:9424,1537,1,0
BRDA:9428,1538,0,0
BRDA:9428,1538,1,0
BRDA:9436,1539,0,0
BRDA:9436,1539,1,0
BRDA:9436,1540,0,0
BRDA:9436,1540,1,0
BRDA:9441,1541,0,0
BRDA:9441,1541,1,0
BRDA:9443,1542,0,0
BRDA:9443,1542,1,0
BRDA:9452,1543,0,0
BRDA:9452,1543,1,0
BRDA:9455,1544,0,0
BRDA:9455,1544,1,0
BRDA:9455,1545,0,0
BRDA:9455,1545,1,0
BRDA:9467,1546,0,0
BRDA:9467,1546,1,0
BRDA:9475,1547,0,0
BRDA:9475,1547,1,0
BRDA:9481,1548,0,0
BRDA:9481,1548,1,0
BRDA:9483,1549,0,0
BRDA:9483,1549,1,0
BRDA:9483,1550,0,0
BRDA:9483,1550,1,0
BRDA:9492,1551,0,0
BRDA:9492,1551,1,0
BRDA:9495,1552,0,0
BRDA:9495,1553,0,0
BRDA:9495,1553,1,0
BRDA:9504,1554,0,0
BRDA:9504,1554,1,0
BRDA:9505,1555,0,0
BRDA:9505,1555,1,0
BRDA:9507,1556,0,0
BRDA:9507,1557,0,0
BRDA:9507,1557,1,0
BRDA:9518,1558,0,0
BRDA:9518,1558,1,0
BRDA:9519,1559,0,0
BRDA:9519,1559,1,0
BRDA:9522,1560,0,0
BRDA:9522,1560,1,0
BRDA:9522,1561,0,0
BRDA:9522,1561,1,0
BRDA:9531,1562,0,0
BRDA:9531,1562,1,0
BRDA:9534,1563,0,0
BRDA:9534,1563,1,0
BRDA:9545,1564,0,0
BRDA:9545,1564,1,0
BRDA:9550,1565,0,0
BRDA:9550,1565,1,0
BRDA:9553,1566,0,0
BRDA:9553,1566,1,0
BRDA:9557,1567,0,0
BRDA:9557,1567,1,0
BRDA:9558,1568,0,0
BRDA:9558,1568,1,0
BRDA:9561,1569,0,0
BRDA:9561,1569,1,0
BRDA:9563,1570,0,0
BRDA:9563,1570,1,0
BRDA:9566,1571,0,0
BRDA:9566,1571,1,0
BRDA:9574,1572,0,0
BRDA:9574,1572,1,0
BRDA:9574,1573,0,0
BRDA:9574,1573,1,0
BRDA:9574,1573,2,0
BRDA:9581,1574,0,0
BRDA:9581,1574,1,0
BRDA:9588,1575,0,0
BRDA:9588,1575,1,0
BRDA:9589,1576,0,0
BRDA:9589,1576,1,0
BRDA:9593,1577,0,0
BRDA:9593,1577,1,0
BRDA:9593,1578,0,0
BRDA:9593,1578,1,0
BRDA:9599,1579,0,0
BRDA:9599,1579,1,0
BRDA:9601,1580,0,0
BRDA:9601,1580,1,0
BRDA:9613,1581,0,0
BRDA:9613,1581,1,0
BRDA:9613,1582,0,0
BRDA:9613,1582,1,0
BRDA:9613,1582,2,0
BRDA:9625,1583,0,0
BRDA:9625,1583,1,0
BRDA:9635,1584,0,0
BRDA:9635,1584,1,0
BRDA:9645,1585,0,0
BRDA:9645,1585,1,0
BRDA:9646,1586,0,0
BRDA:9646,1586,1,0
BRDA:9646,1586,2,0
BRDA:9646,1586,3,0
BRDA:9658,1587,0,0
BRDA:9658,1587,1,0
BRDA:9663,1588,0,0
BRDA:9663,1588,1,0
BRDA:9663,1588,2,0
BRDA:9663,1588,3,0
BRDA:9690,1589,0,0
BRDA:9690,1589,1,0
BRDA:9690,1590,0,0
BRDA:9690,1590,1,0
BRDA:9716,1591,0,0
BRDA:9716,1591,1,0
BRDA:9718,1592,0,0
BRDA:9718,1592,1,0
BRDA:9723,1593,0,0
BRDA:9723,1593,1,0
BRDA:9723,1594,0,0
BRDA:9723,1594,1,0
BRDA:9726,1595,0,0
BRDA:9726,1595,1,0
BRDA:9726,1596,0,0
BRDA:9726,1596,1,0
BRDA:9726,1596,2,0
BRDA:9730,1597,0,0
BRDA:9730,1597,1,0
BRDA:9732,1598,0,0
BRDA:9732,1598,1,0
BRDA:9766,1599,0,0
BRDA:9766,1599,1,0
BRDA:9768,1600,0,0
BRDA:9768,1600,1,0
BRDA:9794,1601,0,0
BRDA:9794,1601,1,0
BRDA:9802,1602,0,0
BRDA:9802,1602,1,0
BRDA:9847,1603,0,0
BRDA:9847,1603,1,0
BRDA:9848,1604,0,0
BRDA:9848,1604,1,0
BRDA:9849,1605,0,0
BRDA:9849,1605,1,0
BRDA:9859,1606,0,0
BRDA:9859,1606,1,0
BRDA:9865,1607,0,0
BRDA:9865,1607,1,0
BRDA:9869,1608,0,0
BRDA:9869,1608,1,0
BRDA:9870,1609,0,0
BRDA:9870,1609,1,0
BRDA:9870,1609,2,0
BRDA:9879,1610,0,0
BRDA:9879,1610,1,0
BRDA:9883,1611,0,0
BRDA:9883,1611,1,0
BRDA:9887,1612,0,0
BRDA:9887,1612,1,0
BRDA:9896,1613,0,0
BRDA:9896,1613,1,0
BRDA:9897,1614,0,0
BRDA:9897,1614,1,0
BRDA:9897,1615,0,0
BRDA:9897,1615,1,0
BRDA:9903,1616,0,0
BRDA:9903,1616,1,0
BRDA:9903,1617,0,0
BRDA:9903,1617,1,0
BRDA:9903,1617,2,0
BRDA:9904,1618,0,0
BRDA:9904,1618,1,0
BRDA:9912,1619,0,0
BRDA:9912,1619,1,0
BRDA:9914,1620,0,0
BRDA:9914,1620,1,0
BRDA:9917,1621,0,0
BRDA:9917,1621,1,0
BRDA:9926,1622,0,0
BRDA:9926,1622,1,0
BRDA:9929,1623,0,0
BRDA:9929,1623,1,0
BRDA:9932,1624,0,0
BRDA:9932,1624,1,0
BRDA:9932,1624,2,0
BRDA:9932,1624,3,0
BRDA:9932,1624,4,0
BRDA:9932,1624,5,0
BRDA:9932,1624,6,0
BRDA:9932,1624,7,0
BRDA:9945,1625,0,0
BRDA:9945,1625,1,0
BRDA:9948,1626,0,0
BRDA:9948,1626,1,0
BRDA:10010,1627,0,0
BRDA:10010,1627,1,0
BRDA:10021,1628,0,0
BRDA:10021,1628,1,0
BRDA:10025,1629,0,0
BRDA:10025,1629,1,0
BRDA:10032,1630,0,0
BRDA:10032,1630,1,0
BRDA:10033,1631,0,0
BRDA:10033,1631,1,0
BRDA:10033,1632,0,0
BRDA:10033,1632,1,0
BRDA:10043,1633,0,0
BRDA:10043,1633,1,0
BRDA:10046,1634,0,0
BRDA:10046,1634,1,0
BRDA:10049,1635,0,0
BRDA:10049,1635,1,0
BRDA:10061,1636,0,0
BRDA:10061,1636,1,0
BRDA:10065,1637,0,0
BRDA:10065,1637,1,0
BRDA:10068,1638,0,0
BRDA:10068,1638,1,0
BRDA:10070,1639,0,0
BRDA:10070,1639,1,0
BRDA:10084,1640,0,0
BRDA:10084,1640,1,0
BRDA:10102,1641,0,0
BRDA:10102,1641,1,0
BRDA:10102,1642,0,0
BRDA:10102,1642,1,0
BRDA:10112,1643,0,0
BRDA:10112,1643,1,0
BRDA:10112,1644,0,0
BRDA:10112,1644,1,0
BRDA:10112,1645,0,0
BRDA:10112,1645,1,0
BRDA:10112,1646,0,0
BRDA:10112,1646,1,0
BRDA:10128,1647,0,0
BRDA:10128,1647,1,0
BRDA:10132,1648,0,0
BRDA:10132,1648,1,0
BRDA:10145,1649,0,0
BRDA:10145,1649,1,0
BRDA:10153,1650,0,0
BRDA:10153,1650,1,0
BRDA:10153,1651,0,0
BRDA:10153,1651,1,0
BRDA:10155,1652,0,0
BRDA:10155,1652,1,0
BRDA:10155,1653,0,0
BRDA:10155,1653,1,0
BRDA:10157,1654,0,0
BRDA:10157,1654,1,0
BRDA:10157,1655,0,0
BRDA:10157,1655,1,0
BRDA:10159,1656,0,0
BRDA:10159,1656,1,0
BRDA:10159,1657,0,0
BRDA:10159,1657,1,0
BRDA:10161,1658,0,0
BRDA:10161,1658,1,0
BRDA:10161,1659,0,0
BRDA:10161,1659,1,0
BRDA:10162,1660,0,0
BRDA:10162,1660,1,0
BRDA:10163,1661,0,0
BRDA:10163,1661,1,0
BRDA:10168,1662,0,0
BRDA:10168,1662,1,0
BRDA:10171,1663,0,0
BRDA:10171,1663,1,0
BRDA:10173,1664,0,0
BRDA:10173,1664,1,0
BRDA:10174,1665,0,0
BRDA:10174,1665,1,0
BRDA:10174,1666,0,0
BRDA:10174,1666,1,0
BRDA:10188,1667,0,0
BRDA:10188,1667,1,0
BRDA:10194,1668,0,0
BRDA:10194,1668,1,0
BRDA:10194,1669,0,0
BRDA:10194,1669,1,0
BRDA:10196,1670,0,0
BRDA:10196,1670,1,0
BRDA:10200,1671,0,0
BRDA:10200,1671,1,0
BRDA:10206,1672,0,0
BRDA:10206,1672,1,0
BRDA:10207,1673,0,0
BRDA:10207,1673,1,0
BRDA:10234,1674,0,0
BRDA:10234,1674,1,0
BRDA:10235,1675,0,0
BRDA:10235,1675,1,0
BRDA:10239,1676,0,0
BRDA:10239,1676,1,0
BRDA:10247,1677,0,0
BRDA:10247,1677,1,0
BRDA:10249,1678,0,0
BRDA:10249,1678,1,0
BRDA:10263,1679,0,0
BRDA:10263,1679,1,0
BRDA:10264,1680,0,0
BRDA:10264,1680,1,0
BRDA:10266,1681,0,0
BRDA:10266,1681,1,0
BRDA:10266,1682,0,0
BRDA:10266,1682,1,0
BRDA:10266,1682,2,0
BRDA:10266,1682,3,0
BRDA:10266,1682,4,0
BRDA:10281,1683,0,0
BRDA:10281,1683,1,0
BRDA:10283,1684,0,0
BRDA:10283,1684,1,0
BRDA:10293,1685,0,0
BRDA:10293,1685,1,0
BRDA:10296,1686,0,0
BRDA:10296,1686,1,0
BRDA:10300,1687,0,0
BRDA:10300,1687,1,0
BRDA:10303,1688,0,0
BRDA:10303,1688,1,0
BRDA:10307,1689,0,0
BRDA:10307,1689,1,0
BRDA:10311,1690,0,0
BRDA:10311,1690,1,0
BRDA:10319,1691,0,0
BRDA:10319,1691,1,0
BRDA:10323,1692,0,0
BRDA:10323,1692,1,0
BRDA:10327,1693,0,0
BRDA:10327,1693,1,0
BRDA:10330,1694,0,0
BRDA:10330,1694,1,0
BRDA:10335,1695,0,0
BRDA:10335,1695,1,0
BRDA:10335,1696,0,0
BRDA:10335,1696,1,0
BRDA:10339,1697,0,0
BRDA:10339,1697,1,0
BRDA:10343,1698,0,0
BRDA:10343,1698,1,0
BRDA:10347,1699,0,0
BRDA:10347,1699,1,0
BRDA:10349,1700,0,0
BRDA:10349,1700,1,0
BRDA:10355,1701,0,0
BRDA:10355,1701,1,0
BRDA:10359,1702,0,0
BRDA:10359,1702,1,0
BRDA:10367,1703,0,0
BRDA:10367,1703,1,0
BRDA:10375,1704,0,0
BRDA:10375,1704,1,0
BRDA:10380,1705,0,0
BRDA:10380,1705,1,0
BRDA:10382,1706,0,0
BRDA:10382,1706,1,0
BRDA:10382,1707,0,0
BRDA:10382,1707,1,0
BRDA:10382,1708,0,0
BRDA:10382,1708,1,0
BRDA:10385,1709,0,0
BRDA:10385,1709,1,0
BRDA:10392,1710,0,0
BRDA:10392,1710,1,0
BRDA:10392,1711,0,0
BRDA:10392,1711,1,0
BRDA:10392,1711,2,0
BRDA:10397,1712,0,0
BRDA:10397,1712,1,0
BRDA:10417,1713,0,0
BRDA:10417,1713,1,0
BRDA:10417,1714,0,0
BRDA:10417,1714,1,0
BRDA:10421,1715,0,0
BRDA:10421,1715,1,0
BRDA:10422,1716,0,0
BRDA:10422,1716,1,0
BRDA:10423,1717,0,0
BRDA:10423,1717,1,0
BRDA:10424,1718,0,0
BRDA:10424,1718,1,0
BRDA:10436,1719,0,0
BRDA:10436,1719,1,0
BRDA:10437,1720,0,0
BRDA:10437,1720,1,0
BRDA:10453,1721,0,0
BRDA:10453,1721,1,0
BRDA:10456,1722,0,0
BRDA:10456,1722,1,0
BRDA:10456,1723,0,0
BRDA:10456,1723,1,0
BRDA:10456,1723,2,0
BRDA:10456,1723,3,0
BRDA:10461,1724,0,0
BRDA:10461,1724,1,0
BRDA:10463,1725,0,0
BRDA:10463,1725,1,0
BRDA:10466,1726,0,0
BRDA:10466,1726,1,0
BRDA:10467,1727,0,0
BRDA:10467,1727,1,0
BRDA:10482,1728,0,0
BRDA:10482,1728,1,0
BRDA:10485,1729,0,0
BRDA:10485,1729,1,0
BRDA:10485,1730,0,0
BRDA:10485,1730,1,0
BRDA:10485,1730,2,0
BRDA:10490,1731,0,0
BRDA:10490,1731,1,0
BRDA:10490,1732,0,0
BRDA:10490,1732,1,0
BRDA:10490,1732,2,0
BRDA:10499,1733,0,0
BRDA:10499,1733,1,0
BRDA:10499,1733,2,0
BRDA:10503,1734,0,0
BRDA:10503,1734,1,0
BRDA:10505,1735,0,0
BRDA:10505,1735,1,0
BRDA:10505,1736,0,0
BRDA:10505,1736,1,0
BRDA:10513,1737,0,0
BRDA:10513,1737,1,0
BRDA:10523,1738,0,0
BRDA:10523,1738,1,0
BRDA:10525,1739,0,0
BRDA:10525,1739,1,0
BRDA:10526,1740,0,0
BRDA:10526,1740,1,0
BRDA:10528,1741,0,0
BRDA:10528,1741,1,0
BRDA:10528,1742,0,0
BRDA:10528,1742,1,0
BRDA:10528,1742,2,0
BRDA:10531,1743,0,0
BRDA:10531,1743,1,0
BRDA:10534,1744,0,0
BRDA:10534,1744,1,0
BRDA:10535,1745,0,0
BRDA:10535,1745,1,0
BRDA:10546,1746,0,0
BRDA:10546,1746,1,0
BRDA:10547,1747,0,0
BRDA:10547,1747,1,0
BRDA:10590,1748,0,0
BRDA:10590,1748,1,0
BRDA:10597,1749,0,0
BRDA:10597,1749,1,0
BRDA:10599,1750,0,0
BRDA:10599,1750,1,0
BRDA:10601,1751,0,0
BRDA:10601,1751,1,0
BRDA:10602,1752,0,0
BRDA:10602,1752,1,0
BRDA:10604,1753,0,0
BRDA:10604,1753,1,0
BRDA:10612,1754,0,0
BRDA:10612,1754,1,0
BRDA:10617,1755,0,0
BRDA:10617,1755,1,0
BRDA:10625,1756,0,0
BRDA:10625,1756,1,0
BRDA:10625,1757,0,0
BRDA:10625,1757,1,0
BRDA:10635,1758,0,0
BRDA:10635,1758,1,0
BRDA:10647,1759,0,0
BRDA:10647,1759,1,0
BRDA:10661,1760,0,0
BRDA:10661,1760,1,0
BRDA:10696,1761,0,0
BRDA:10696,1761,1,0
BRDA:10700,1762,0,0
BRDA:10718,1763,0,0
BRDA:10718,1763,1,0
BRDA:10721,1764,0,0
BRDA:10721,1764,1,0
BRDA:10729,1765,0,0
BRDA:10729,1765,1,0
BRDA:10730,1766,0,0
BRDA:10730,1766,1,0
BRDA:10730,1767,0,0
BRDA:10730,1767,1,0
BRDA:10737,1768,0,0
BRDA:10737,1768,1,0
BRDA:10737,1769,0,0
BRDA:10737,1769,1,0
BRDA:10754,1770,0,0
BRDA:10785,1771,0,0
BRDA:10785,1771,1,0
BRDA:10788,1772,0,0
BRDA:10788,1772,1,0
BRDA:10790,1773,0,0
BRDA:10790,1773,1,0
BRDA:10792,1774,0,0
BRDA:10792,1774,1,0
BRDA:10795,1775,0,0
BRDA:10795,1775,1,0
BRDA:10797,1776,0,0
BRDA:10797,1776,1,0
BRDA:10803,1777,0,0
BRDA:10803,1777,1,0
BRDA:10803,1778,0,0
BRDA:10803,1778,1,0
BRDA:10810,1779,0,0
BRDA:10810,1779,1,0
BRDA:10835,1780,0,0
BRDA:10835,1780,1,0
BRDA:10856,1781,0,2
BRDA:10856,1781,1,1
BRDA:10857,1782,0,1
BRDA:10857,1782,1,1
BRDA:10862,1783,0,1
BRDA:10862,1783,1,0
BRDA:10864,1784,0,1
BRDA:10864,1784,1,0
BRDA:10870,1785,0,0
BRDA:10870,1785,1,0
BRDA:10878,1786,0,1
BRDA:10878,1786,1,0
BRDA:10881,1787,0,1
BRDA:10881,1788,0,1
BRDA:10881,1788,1,1
BRDA:10890,1789,0,0
BRDA:10890,1789,1,1
BRDA:10892,1790,0,0
BRDA:10892,1790,1,0
BRDA:10893,1791,0,0
BRDA:10893,1791,1,0
BRDA:10894,1792,0,0
BRDA:10894,1792,1,0
BRDA:10897,1793,0,0
BRDA:10897,1794,0,0
BRDA:10897,1794,1,0
BRDA:10904,1795,0,0
BRDA:10904,1795,1,0
BRDA:10907,1796,0,0
BRDA:10907,1796,1,0
BRDA:10912,1797,0,0
BRDA:10912,1797,1,0
BRDA:10915,1798,0,0
BRDA:10915,1798,1,0
BRDA:10917,1799,0,0
BRDA:10917,1800,0,0
BRDA:10917,1800,1,0
BRDA:10917,1800,2,0
BRDA:10933,1801,0,0
BRDA:10933,1802,0,0
BRDA:10933,1802,1,0
BRDA:10933,1802,2,0
BRDA:10947,1803,0,0
BRDA:10947,1803,1,0
BRF:3723
BRH:324
end_of_record
TN:
SF:F:\Karma-learning\test\unit\index.js
FNF:0
FNH:0
DA:3,1
DA:7,1
DA:8,1
DA:14,1
DA:15,1
LF:5
LH:5
BRF:0
BRH:0
end_of_record
TN:
SF:F:\Karma-learning\src\components\Hello.vue
FNF:0
FNH:0
DA:11,1
LF:1
LH:1
BRF:0
BRH:0
end_of_record
TN:
SF:F:\Karma-learning\node_modules\vue-loader\lib\component-normalizer.js
FN:14,normalizeComponent
FN:49,(anonymous_1)
FN:91,renderWithStyleInjection
FNF:3
FNH:1
FNDA:1,normalizeComponent
FNDA:0,(anonymous_1)
FNDA:0,renderWithStyleInjection
DA:7,1
DA:16,1
DA:19,1
DA:20,1
DA:21,0
DA:22,0
DA:26,1
DA:31,1
DA:32,1
DA:33,1
DA:34,1
DA:38,1
DA:39,0
DA:43,1
DA:44,0
DA:48,1
DA:49,0
DA:51,0
DA:56,0
DA:57,0
DA:60,0
DA:61,0
DA:64,0
DA:65,0
DA:70,0
DA:71,1
DA:72,0
DA:75,1
DA:76,0
DA:77,0
DA:81,0
DA:83,0
DA:89,0
DA:91,0
DA:92,0
DA:93,0
DA:98,1
LF:37
LH:15
BRDA:16,0,0,1
BRDA:16,0,1,0
BRDA:20,1,0,0
BRDA:20,1,1,1
BRDA:20,2,0,1
BRDA:20,2,1,1
BRDA:26,3,0,0
BRDA:26,3,1,1
BRDA:31,4,0,1
BRDA:31,4,1,0
BRDA:38,5,0,0
BRDA:38,5,1,1
BRDA:43,6,0,0
BRDA:43,6,1,1
BRDA:48,7,0,0
BRDA:48,7,1,1
BRDA:52,8,0,0
BRDA:52,8,1,0
BRDA:52,8,2,0
BRDA:52,8,3,0
BRDA:52,8,4,0
BRDA:52,8,5,0
BRDA:56,9,0,0
BRDA:56,9,1,0
BRDA:56,10,0,0
BRDA:56,10,1,0
BRDA:60,11,0,0
BRDA:60,11,1,0
BRDA:64,12,0,0
BRDA:64,12,1,0
BRDA:64,13,0,0
BRDA:64,13,1,0
BRDA:71,14,0,0
BRDA:71,14,1,1
BRDA:75,15,0,0
BRDA:75,15,1,1
BRDA:77,16,0,0
BRDA:77,16,1,0
BRDA:81,17,0,0
BRDA:81,17,1,0
BRDA:83,18,0,0
BRDA:83,18,1,0
BRF:42
BRH:11
end_of_record
TN:
SF:F:\Karma-learning\test\unit\specs\Hello.spec.js
FN:3,(anonymous_0)
FN:4,(anonymous_1)
FNF:2
FNH:2
FNDA:1,(anonymous_0)
FNDA:1,(anonymous_1)
DA:3,1
DA:4,1
DA:5,1
DA:6,1
DA:7,1
LF:5
LH:5
BRF:0
BRH:0
end_of_record
